2019-01-03 18:27:31.758 [main] INFO  com.metadata.yg.QueueMain - PID----：17636
2019-01-03 18:27:31.770 [main] INFO  com.metadata.yg.utils.FileUtils - 文件输出目录：data1
2019-01-03 18:27:31.866 [main] INFO  com.metadata.yg.QueueMain - 生成数配置文件加载成功
2019-01-03 18:27:32.430 [pool-1-thread-30] INFO  com.metadata.yg.consumer.FileConsumer - pool-1-thread-30，消费完成，耗费时间:212 ms,消费数据长度:44
2019-01-03 18:27:32.431 [pool-1-thread-27] INFO  com.metadata.yg.consumer.FileConsumer - pool-1-thread-27，消费完成，耗费时间:215 ms,消费数据长度:0
2019-01-03 18:27:32.432 [pool-1-thread-31] INFO  com.metadata.yg.consumer.FileConsumer - pool-1-thread-31，消费完成，耗费时间:216 ms,消费数据长度:71
2019-01-03 18:27:32.432 [pool-1-thread-29] INFO  com.metadata.yg.consumer.FileConsumer - pool-1-thread-29，消费完成，耗费时间:216 ms,消费数据长度:24
2019-01-03 18:27:32.433 [pool-1-thread-28] INFO  com.metadata.yg.consumer.FileConsumer - pool-1-thread-28，消费完成，耗费时间:217 ms,消费数据长度:1
2019-01-03 18:27:32.434 [pool-1-thread-32] INFO  com.metadata.yg.consumer.FileConsumer - pool-1-thread-32，消费完成，耗费时间:218 ms,消费数据长度:1
2019-01-03 18:27:32.494 [pool-1-thread-30] INFO  com.metadata.yg.consumer.FileConsumer - pool-1-thread-30，消费完成，耗费时间:2 ms,消费数据长度:0
2019-01-03 18:27:32.497 [pool-1-thread-27] INFO  com.metadata.yg.consumer.FileConsumer - pool-1-thread-27，消费完成，耗费时间:0 ms,消费数据长度:0
2019-01-03 18:27:32.611 [pool-1-thread-26] INFO  com.metadata.yg.consumer.FileConsumer - pool-1-thread-26，消费完成，耗费时间:661 ms,消费数据长度:0
2019-01-03 18:27:32.624 [pool-1-thread-33] INFO  com.metadata.yg.consumer.FileConsumer - pool-1-thread-33，消费完成，耗费时间:372 ms,消费数据长度:0
2019-01-03 18:27:32.684 [pool-1-thread-27] INFO  com.metadata.yg.consumer.FileConsumer - pool-1-thread-27，消费完成，耗费时间:31 ms,消费数据长度:3
2019-01-03 18:27:32.685 [pool-1-thread-31] INFO  com.metadata.yg.consumer.FileConsumer - pool-1-thread-31，消费完成，耗费时间:149 ms,消费数据长度:83
2019-01-03 18:27:32.740 [pool-1-thread-37] INFO  com.metadata.yg.consumer.FileConsumer - pool-1-thread-37，消费完成，耗费时间:524 ms,消费数据长度:21
2019-01-03 18:27:32.740 [pool-1-thread-25] INFO  com.metadata.yg.consumer.FileConsumer - pool-1-thread-25，消费完成，耗费时间:811 ms,消费数据长度:10
2019-01-03 18:27:32.744 [pool-1-thread-30] INFO  com.metadata.yg.consumer.FileConsumer - pool-1-thread-30，消费完成，耗费时间:90 ms,消费数据长度:10
2019-01-03 18:27:32.744 [pool-1-thread-40] INFO  com.metadata.yg.consumer.FileConsumer - pool-1-thread-40，消费完成，耗费时间:528 ms,消费数据长度:55
2019-01-03 18:27:32.745 [pool-1-thread-33] INFO  com.metadata.yg.consumer.FileConsumer - pool-1-thread-33，消费完成，耗费时间:82 ms,消费数据长度:5
2019-01-03 18:27:32.770 [pool-1-thread-28] INFO  com.metadata.yg.consumer.FileConsumer - pool-1-thread-28，消费完成，耗费时间:130 ms,消费数据长度:19
2019-01-03 18:27:32.784 [pool-1-thread-31] INFO  com.metadata.yg.consumer.FileConsumer - pool-1-thread-31，消费完成，耗费时间:98 ms,消费数据长度:4
2019-01-03 18:27:32.793 [pool-1-thread-37] INFO  com.metadata.yg.consumer.FileConsumer - pool-1-thread-37，消费完成，耗费时间:53 ms,消费数据长度:29
2019-01-03 18:27:32.793 [pool-1-thread-26] INFO  com.metadata.yg.consumer.FileConsumer - pool-1-thread-26，消费完成，耗费时间:88 ms,消费数据长度:1
2019-01-03 18:27:32.796 [pool-1-thread-27] INFO  com.metadata.yg.consumer.FileConsumer - pool-1-thread-27，消费完成，耗费时间:111 ms,消费数据长度:1
2019-01-03 18:27:32.806 [pool-1-thread-24] INFO  com.metadata.yg.consumer.FileConsumer - pool-1-thread-24，消费完成，耗费时间:877 ms,消费数据长度:43
2019-01-03 18:27:32.807 [pool-1-thread-36] INFO  com.metadata.yg.consumer.FileConsumer - pool-1-thread-36，消费完成，耗费时间:591 ms,消费数据长度:4
2019-01-03 18:27:32.808 [pool-1-thread-29] INFO  com.metadata.yg.consumer.FileConsumer - pool-1-thread-29，消费完成，耗费时间:168 ms,消费数据长度:6
2019-01-03 18:27:32.812 [pool-1-thread-38] INFO  com.metadata.yg.consumer.FileConsumer - pool-1-thread-38，消费完成，耗费时间:596 ms,消费数据长度:7
2019-01-03 18:27:32.814 [pool-1-thread-30] INFO  com.metadata.yg.consumer.FileConsumer - pool-1-thread-30，消费完成，耗费时间:19 ms,消费数据长度:127
2019-01-03 18:27:32.820 [pool-1-thread-25] INFO  com.metadata.yg.consumer.FileConsumer - pool-1-thread-25，消费完成，耗费时间:79 ms,消费数据长度:13
2019-01-03 18:27:32.856 [pool-1-thread-33] INFO  com.metadata.yg.consumer.FileConsumer - pool-1-thread-33，消费完成，耗费时间:7 ms,消费数据长度:50
2019-01-03 18:27:32.856 [pool-1-thread-40] INFO  com.metadata.yg.consumer.FileConsumer - pool-1-thread-40，消费完成，耗费时间:23 ms,消费数据长度:86
2019-01-03 18:27:32.858 [pool-1-thread-31] INFO  com.metadata.yg.consumer.FileConsumer - pool-1-thread-31，消费完成，耗费时间:1 ms,消费数据长度:4
2019-01-03 18:27:32.886 [pool-1-thread-28] INFO  com.metadata.yg.consumer.FileConsumer - pool-1-thread-28，消费完成，耗费时间:29 ms,消费数据长度:18
2019-01-03 18:27:32.923 [pool-1-thread-34] INFO  com.metadata.yg.consumer.FileConsumer - pool-1-thread-34，消费完成，耗费时间:592 ms,消费数据长度:2
2019-01-03 18:27:32.946 [pool-1-thread-27] INFO  com.metadata.yg.consumer.FileConsumer - pool-1-thread-27，消费完成，耗费时间:61 ms,消费数据长度:2
2019-01-03 18:27:32.947 [pool-1-thread-33] INFO  com.metadata.yg.consumer.FileConsumer - pool-1-thread-33，消费完成，耗费时间:4 ms,消费数据长度:0
2019-01-03 18:27:32.948 [pool-1-thread-26] INFO  com.metadata.yg.consumer.FileConsumer - pool-1-thread-26，消费完成，耗费时间:63 ms,消费数据长度:20
2019-01-03 18:27:32.949 [pool-1-thread-40] INFO  com.metadata.yg.consumer.FileConsumer - pool-1-thread-40，消费完成，耗费时间:5 ms,消费数据长度:0
2019-01-03 18:27:32.967 [pool-1-thread-31] INFO  com.metadata.yg.consumer.FileConsumer - pool-1-thread-31，消费完成，耗费时间:24 ms,消费数据长度:0
2019-01-03 18:27:32.967 [pool-1-thread-38] INFO  com.metadata.yg.consumer.FileConsumer - pool-1-thread-38，消费完成，耗费时间:74 ms,消费数据长度:46
2019-01-03 18:27:32.969 [pool-1-thread-28] INFO  com.metadata.yg.consumer.FileConsumer - pool-1-thread-28，消费完成，耗费时间:24 ms,消费数据长度:0
2019-01-03 18:27:32.969 [pool-1-thread-34] INFO  com.metadata.yg.consumer.FileConsumer - pool-1-thread-34，消费完成，耗费时间:25 ms,消费数据长度:0
2019-01-03 18:27:32.970 [pool-1-thread-26] INFO  com.metadata.yg.consumer.FileConsumer - pool-1-thread-26，消费完成，耗费时间:22 ms,消费数据长度:0
2019-01-03 18:27:32.970 [pool-1-thread-40] INFO  com.metadata.yg.consumer.FileConsumer - pool-1-thread-40，消费完成，耗费时间:21 ms,消费数据长度:0
2019-01-03 18:27:32.971 [pool-1-thread-33] INFO  com.metadata.yg.consumer.FileConsumer - pool-1-thread-33，消费完成，耗费时间:23 ms,消费数据长度:0
2019-01-03 18:27:32.972 [pool-1-thread-25] INFO  com.metadata.yg.consumer.FileConsumer - pool-1-thread-25，消费完成，耗费时间:49 ms,消费数据长度:0
2019-01-03 18:27:32.973 [pool-1-thread-27] INFO  com.metadata.yg.consumer.FileConsumer - pool-1-thread-27，消费完成，耗费时间:26 ms,消费数据长度:0
2019-01-03 18:27:32.974 [pool-1-thread-37] INFO  com.metadata.yg.consumer.FileConsumer - pool-1-thread-37，消费完成，耗费时间:93 ms,消费数据长度:89
2019-01-03 18:27:32.974 [pool-1-thread-30] INFO  com.metadata.yg.consumer.FileConsumer - pool-1-thread-30，消费完成，耗费时间:79 ms,消费数据长度:0
2019-01-03 18:27:32.975 [pool-1-thread-21] INFO  com.metadata.yg.consumer.FileConsumer - pool-1-thread-21，消费完成，耗费时间:1046 ms,消费数据长度:4
2019-01-03 18:27:32.975 [pool-1-thread-22] INFO  com.metadata.yg.consumer.FileConsumer - pool-1-thread-22，消费完成，耗费时间:1046 ms,消费数据长度:4
2019-01-03 18:27:32.975 [pool-1-thread-32] INFO  com.metadata.yg.consumer.FileConsumer - pool-1-thread-32，消费完成，耗费时间:332 ms,消费数据长度:24
2019-01-03 18:27:32.976 [pool-1-thread-29] INFO  com.metadata.yg.consumer.FileConsumer - pool-1-thread-29，消费完成，耗费时间:83 ms,消费数据长度:0
2019-01-03 18:27:32.976 [pool-1-thread-39] INFO  com.metadata.yg.consumer.FileConsumer - pool-1-thread-39，消费完成，耗费时间:760 ms,消费数据长度:1
2019-01-03 18:27:32.977 [pool-1-thread-24] INFO  com.metadata.yg.consumer.FileConsumer - pool-1-thread-24，消费完成，耗费时间:86 ms,消费数据长度:0
2019-01-03 18:27:32.977 [pool-1-thread-36] INFO  com.metadata.yg.consumer.FileConsumer - pool-1-thread-36，消费完成，耗费时间:85 ms,消费数据长度:0
2019-01-03 18:27:32.978 [pool-1-thread-23] INFO  com.metadata.yg.consumer.FileConsumer - pool-1-thread-23，消费完成，耗费时间:1049 ms,消费数据长度:46
2019-01-03 18:27:32.978 [pool-1-thread-35] INFO  com.metadata.yg.consumer.FileConsumer - pool-1-thread-35，消费完成，耗费时间:762 ms,消费数据长度:9
2019-01-03 18:27:32.979 [pool-1-thread-31] INFO  com.metadata.yg.consumer.FileConsumer - pool-1-thread-31，消费完成，耗费时间:12 ms,消费数据长度:0
2019-01-03 18:27:32.979 [pool-1-thread-38] INFO  com.metadata.yg.consumer.FileConsumer - pool-1-thread-38，消费完成，耗费时间:11 ms,消费数据长度:0
2019-01-03 18:27:32.980 [pool-1-thread-28] INFO  com.metadata.yg.consumer.FileConsumer - pool-1-thread-28，消费完成，耗费时间:11 ms,消费数据长度:0
2019-01-03 18:27:32.981 [pool-1-thread-34] INFO  com.metadata.yg.consumer.FileConsumer - pool-1-thread-34，消费完成，耗费时间:10 ms,消费数据长度:0
2019-01-03 18:27:32.981 [pool-1-thread-26] INFO  com.metadata.yg.consumer.FileConsumer - pool-1-thread-26，消费完成，耗费时间:11 ms,消费数据长度:0
2019-01-03 18:27:32.982 [pool-1-thread-40] INFO  com.metadata.yg.consumer.FileConsumer - pool-1-thread-40，消费完成，耗费时间:11 ms,消费数据长度:0
2019-01-03 18:27:32.982 [pool-1-thread-33] INFO  com.metadata.yg.consumer.FileConsumer - pool-1-thread-33，消费完成，耗费时间:11 ms,消费数据长度:0
2019-01-03 18:27:32.982 [pool-1-thread-25] INFO  com.metadata.yg.consumer.FileConsumer - pool-1-thread-25，消费完成，耗费时间:10 ms,消费数据长度:0
2019-01-03 18:27:32.983 [pool-1-thread-27] INFO  com.metadata.yg.consumer.FileConsumer - pool-1-thread-27，消费完成，耗费时间:10 ms,消费数据长度:0
2019-01-03 18:27:32.983 [pool-1-thread-30] INFO  com.metadata.yg.consumer.FileConsumer - pool-1-thread-30，消费完成，耗费时间:9 ms,消费数据长度:0
2019-01-03 18:27:32.983 [pool-1-thread-37] INFO  com.metadata.yg.consumer.FileConsumer - pool-1-thread-37，消费完成，耗费时间:9 ms,消费数据长度:0
2019-01-03 18:27:32.984 [pool-1-thread-21] INFO  com.metadata.yg.consumer.FileConsumer - pool-1-thread-21，消费完成，耗费时间:9 ms,消费数据长度:0
2019-01-03 18:27:32.985 [pool-1-thread-32] INFO  com.metadata.yg.consumer.FileConsumer - pool-1-thread-32，消费完成，耗费时间:10 ms,消费数据长度:0
2019-01-03 18:27:32.985 [pool-1-thread-22] INFO  com.metadata.yg.consumer.FileConsumer - pool-1-thread-22，消费完成，耗费时间:10 ms,消费数据长度:0
2019-01-03 18:27:32.985 [pool-1-thread-29] INFO  com.metadata.yg.consumer.FileConsumer - pool-1-thread-29，消费完成，耗费时间:9 ms,消费数据长度:0
2019-01-03 18:27:32.985 [pool-1-thread-39] INFO  com.metadata.yg.consumer.FileConsumer - pool-1-thread-39，消费完成，耗费时间:9 ms,消费数据长度:0
2019-01-03 18:27:32.986 [pool-1-thread-36] INFO  com.metadata.yg.consumer.FileConsumer - pool-1-thread-36，消费完成，耗费时间:8 ms,消费数据长度:0
2019-01-03 18:27:32.986 [pool-1-thread-24] INFO  com.metadata.yg.consumer.FileConsumer - pool-1-thread-24，消费完成，耗费时间:9 ms,消费数据长度:0
2019-01-03 18:27:32.986 [pool-1-thread-35] INFO  com.metadata.yg.consumer.FileConsumer - pool-1-thread-35，消费完成，耗费时间:8 ms,消费数据长度:0
2019-01-03 18:27:32.987 [pool-1-thread-23] INFO  com.metadata.yg.consumer.FileConsumer - pool-1-thread-23，消费完成，耗费时间:9 ms,消费数据长度:0
2019-01-03 18:27:32.987 [pool-1-thread-31] INFO  com.metadata.yg.consumer.FileConsumer - pool-1-thread-31，消费完成，耗费时间:8 ms,消费数据长度:0
2019-01-03 18:27:32.987 [pool-1-thread-28] INFO  com.metadata.yg.consumer.FileConsumer - pool-1-thread-28，消费完成，耗费时间:7 ms,消费数据长度:0
2019-01-03 18:27:32.987 [pool-1-thread-38] INFO  com.metadata.yg.consumer.FileConsumer - pool-1-thread-38，消费完成，耗费时间:7 ms,消费数据长度:0
2019-01-03 18:27:32.988 [pool-1-thread-26] INFO  com.metadata.yg.consumer.FileConsumer - pool-1-thread-26，消费完成，耗费时间:7 ms,消费数据长度:0
2019-01-03 18:27:32.988 [pool-1-thread-34] INFO  com.metadata.yg.consumer.FileConsumer - pool-1-thread-34，消费完成，耗费时间:7 ms,消费数据长度:0
2019-01-03 18:27:32.988 [pool-1-thread-40] INFO  com.metadata.yg.consumer.FileConsumer - pool-1-thread-40，消费完成，耗费时间:6 ms,消费数据长度:0
2019-01-03 18:27:32.989 [pool-1-thread-33] INFO  com.metadata.yg.consumer.FileConsumer - pool-1-thread-33，消费完成，耗费时间:6 ms,消费数据长度:0
2019-01-03 18:27:32.989 [pool-1-thread-27] INFO  com.metadata.yg.consumer.FileConsumer - pool-1-thread-27，消费完成，耗费时间:6 ms,消费数据长度:0
2019-01-03 18:27:32.989 [pool-1-thread-37] INFO  com.metadata.yg.consumer.FileConsumer - pool-1-thread-37，消费完成，耗费时间:6 ms,消费数据长度:0
2019-01-03 18:27:32.990 [pool-1-thread-25] INFO  com.metadata.yg.consumer.FileConsumer - pool-1-thread-25，消费完成，耗费时间:7 ms,消费数据长度:0
2019-01-03 18:27:32.990 [pool-1-thread-30] INFO  com.metadata.yg.consumer.FileConsumer - pool-1-thread-30，消费完成，耗费时间:7 ms,消费数据长度:0
2019-01-03 18:27:32.991 [pool-1-thread-21] INFO  com.metadata.yg.consumer.FileConsumer - pool-1-thread-21，消费完成，耗费时间:7 ms,消费数据长度:0
2019-01-03 18:27:32.991 [pool-1-thread-22] INFO  com.metadata.yg.consumer.FileConsumer - pool-1-thread-22，消费完成，耗费时间:6 ms,消费数据长度:0
2019-01-03 18:27:32.992 [pool-1-thread-29] INFO  com.metadata.yg.consumer.FileConsumer - pool-1-thread-29，消费完成，耗费时间:7 ms,消费数据长度:0
2019-01-03 18:27:32.992 [pool-1-thread-32] INFO  com.metadata.yg.consumer.FileConsumer - pool-1-thread-32，消费完成，耗费时间:7 ms,消费数据长度:0
2019-01-03 18:27:32.992 [pool-1-thread-39] INFO  com.metadata.yg.consumer.FileConsumer - pool-1-thread-39，消费完成，耗费时间:7 ms,消费数据长度:0
2019-01-03 18:27:32.992 [pool-1-thread-24] INFO  com.metadata.yg.consumer.FileConsumer - pool-1-thread-24，消费完成，耗费时间:6 ms,消费数据长度:0
2019-01-03 18:27:32.993 [pool-1-thread-36] INFO  com.metadata.yg.consumer.FileConsumer - pool-1-thread-36，消费完成，耗费时间:7 ms,消费数据长度:0
2019-01-03 18:27:32.993 [pool-1-thread-35] INFO  com.metadata.yg.consumer.FileConsumer - pool-1-thread-35，消费完成，耗费时间:7 ms,消费数据长度:0
2019-01-03 18:27:32.994 [pool-1-thread-23] INFO  com.metadata.yg.consumer.FileConsumer - pool-1-thread-23，消费完成，耗费时间:6 ms,消费数据长度:0
2019-01-03 18:27:32.994 [pool-1-thread-31] INFO  com.metadata.yg.consumer.FileConsumer - pool-1-thread-31，消费完成，耗费时间:7 ms,消费数据长度:0
2019-01-03 18:27:32.994 [pool-1-thread-38] INFO  com.metadata.yg.consumer.FileConsumer - pool-1-thread-38，消费完成，耗费时间:6 ms,消费数据长度:0
2019-01-03 18:27:32.994 [pool-1-thread-28] INFO  com.metadata.yg.consumer.FileConsumer - pool-1-thread-28，消费完成，耗费时间:6 ms,消费数据长度:0
2019-01-03 18:27:32.995 [pool-1-thread-26] INFO  com.metadata.yg.consumer.FileConsumer - pool-1-thread-26，消费完成，耗费时间:7 ms,消费数据长度:0
2019-01-03 18:27:32.995 [pool-1-thread-34] INFO  com.metadata.yg.consumer.FileConsumer - pool-1-thread-34，消费完成，耗费时间:7 ms,消费数据长度:0
2019-01-03 18:27:32.995 [pool-1-thread-40] INFO  com.metadata.yg.consumer.FileConsumer - pool-1-thread-40，消费完成，耗费时间:7 ms,消费数据长度:0
2019-01-03 18:27:32.996 [pool-1-thread-33] INFO  com.metadata.yg.consumer.FileConsumer - pool-1-thread-33，消费完成，耗费时间:7 ms,消费数据长度:0
2019-01-03 18:27:32.996 [pool-1-thread-27] INFO  com.metadata.yg.consumer.FileConsumer - pool-1-thread-27，消费完成，耗费时间:7 ms,消费数据长度:0
2019-01-03 18:27:32.996 [pool-1-thread-37] INFO  com.metadata.yg.consumer.FileConsumer - pool-1-thread-37，消费完成，耗费时间:7 ms,消费数据长度:0
2019-01-03 18:27:32.996 [pool-1-thread-25] INFO  com.metadata.yg.consumer.FileConsumer - pool-1-thread-25，消费完成，耗费时间:6 ms,消费数据长度:0
2019-01-03 18:27:32.997 [pool-1-thread-30] INFO  com.metadata.yg.consumer.FileConsumer - pool-1-thread-30，消费完成，耗费时间:7 ms,消费数据长度:0
2019-01-03 18:27:32.997 [pool-1-thread-21] INFO  com.metadata.yg.consumer.FileConsumer - pool-1-thread-21，消费完成，耗费时间:6 ms,消费数据长度:0
2019-01-03 18:27:32.998 [pool-1-thread-22] INFO  com.metadata.yg.consumer.FileConsumer - pool-1-thread-22，消费完成，耗费时间:7 ms,消费数据长度:0
2019-01-03 18:27:32.998 [pool-1-thread-29] INFO  com.metadata.yg.consumer.FileConsumer - pool-1-thread-29，消费完成，耗费时间:6 ms,消费数据长度:0
2019-01-03 18:27:32.999 [pool-1-thread-32] INFO  com.metadata.yg.consumer.FileConsumer - pool-1-thread-32，消费完成，耗费时间:7 ms,消费数据长度:0
2019-01-03 18:27:32.999 [pool-1-thread-39] INFO  com.metadata.yg.consumer.FileConsumer - pool-1-thread-39，消费完成，耗费时间:7 ms,消费数据长度:0
2019-01-03 18:27:32.999 [pool-1-thread-24] INFO  com.metadata.yg.consumer.FileConsumer - pool-1-thread-24，消费完成，耗费时间:6 ms,消费数据长度:0
2019-01-03 18:27:33.000 [pool-1-thread-35] INFO  com.metadata.yg.consumer.FileConsumer - pool-1-thread-35，消费完成，耗费时间:7 ms,消费数据长度:0
2019-01-03 18:27:33.000 [pool-1-thread-36] INFO  com.metadata.yg.consumer.FileConsumer - pool-1-thread-36，消费完成，耗费时间:7 ms,消费数据长度:0
2019-01-03 18:27:33.000 [pool-1-thread-23] INFO  com.metadata.yg.consumer.FileConsumer - pool-1-thread-23，消费完成，耗费时间:6 ms,消费数据长度:0
2019-01-03 18:27:33.000 [pool-1-thread-31] INFO  com.metadata.yg.consumer.FileConsumer - pool-1-thread-31，消费完成，耗费时间:6 ms,消费数据长度:0
2019-01-03 18:27:33.001 [pool-1-thread-28] INFO  com.metadata.yg.consumer.FileConsumer - pool-1-thread-28，消费完成，耗费时间:6 ms,消费数据长度:0
2019-01-03 18:27:33.001 [pool-1-thread-38] INFO  com.metadata.yg.consumer.FileConsumer - pool-1-thread-38，消费完成，耗费时间:7 ms,消费数据长度:0
2019-01-03 18:27:33.001 [pool-1-thread-34] INFO  com.metadata.yg.consumer.FileConsumer - pool-1-thread-34，消费完成，耗费时间:6 ms,消费数据长度:0
2019-01-03 18:27:33.001 [pool-1-thread-26] INFO  com.metadata.yg.consumer.FileConsumer - pool-1-thread-26，消费完成，耗费时间:6 ms,消费数据长度:0
2019-01-03 18:27:33.002 [pool-1-thread-33] INFO  com.metadata.yg.consumer.FileConsumer - pool-1-thread-33，消费完成，耗费时间:6 ms,消费数据长度:0
2019-01-03 18:27:33.002 [pool-1-thread-40] INFO  com.metadata.yg.consumer.FileConsumer - pool-1-thread-40，消费完成，耗费时间:7 ms,消费数据长度:0
2019-01-03 18:27:33.002 [pool-1-thread-27] INFO  com.metadata.yg.consumer.FileConsumer - pool-1-thread-27，消费完成，耗费时间:6 ms,消费数据长度:0
2019-01-03 18:27:33.003 [pool-1-thread-25] INFO  com.metadata.yg.consumer.FileConsumer - pool-1-thread-25，消费完成，耗费时间:6 ms,消费数据长度:0
2019-01-03 18:27:33.003 [pool-1-thread-37] INFO  com.metadata.yg.consumer.FileConsumer - pool-1-thread-37，消费完成，耗费时间:7 ms,消费数据长度:0
2019-01-03 18:27:33.004 [pool-1-thread-30] INFO  com.metadata.yg.consumer.FileConsumer - pool-1-thread-30，消费完成，耗费时间:7 ms,消费数据长度:0
2019-01-03 18:27:33.004 [pool-1-thread-21] INFO  com.metadata.yg.consumer.FileConsumer - pool-1-thread-21，消费完成，耗费时间:6 ms,消费数据长度:0
2019-01-03 18:27:33.005 [pool-1-thread-22] INFO  com.metadata.yg.consumer.FileConsumer - pool-1-thread-22，消费完成，耗费时间:6 ms,消费数据长度:0
2019-01-03 18:27:33.005 [pool-1-thread-29] INFO  com.metadata.yg.consumer.FileConsumer - pool-1-thread-29，消费完成，耗费时间:7 ms,消费数据长度:0
2019-01-03 18:27:33.006 [pool-1-thread-32] INFO  com.metadata.yg.consumer.FileConsumer - pool-1-thread-32，消费完成，耗费时间:7 ms,消费数据长度:0
2019-01-03 18:27:33.006 [pool-1-thread-39] INFO  com.metadata.yg.consumer.FileConsumer - pool-1-thread-39，消费完成，耗费时间:7 ms,消费数据长度:0
2019-01-03 18:27:33.007 [pool-1-thread-24] INFO  com.metadata.yg.consumer.FileConsumer - pool-1-thread-24，消费完成，耗费时间:8 ms,消费数据长度:0
2019-01-03 18:27:33.007 [pool-1-thread-35] INFO  com.metadata.yg.consumer.FileConsumer - pool-1-thread-35，消费完成，耗费时间:7 ms,消费数据长度:0
2019-01-03 18:27:33.007 [pool-1-thread-36] INFO  com.metadata.yg.consumer.FileConsumer - pool-1-thread-36，消费完成，耗费时间:7 ms,消费数据长度:0
2019-01-03 18:27:33.008 [pool-1-thread-23] INFO  com.metadata.yg.consumer.FileConsumer - pool-1-thread-23，消费完成，耗费时间:8 ms,消费数据长度:0
2019-01-03 18:27:33.008 [pool-1-thread-31] INFO  com.metadata.yg.consumer.FileConsumer - pool-1-thread-31，消费完成，耗费时间:7 ms,消费数据长度:0
2019-01-03 18:27:33.008 [pool-1-thread-28] INFO  com.metadata.yg.consumer.FileConsumer - pool-1-thread-28，消费完成，耗费时间:7 ms,消费数据长度:0
2019-01-03 18:27:33.008 [pool-1-thread-38] INFO  com.metadata.yg.consumer.FileConsumer - pool-1-thread-38，消费完成，耗费时间:7 ms,消费数据长度:0
2019-01-03 18:27:33.009 [pool-1-thread-34] INFO  com.metadata.yg.consumer.FileConsumer - pool-1-thread-34，消费完成，耗费时间:8 ms,消费数据长度:0
2019-01-03 18:27:33.009 [pool-1-thread-26] INFO  com.metadata.yg.consumer.FileConsumer - pool-1-thread-26，消费完成，耗费时间:8 ms,消费数据长度:0
2019-01-03 18:27:33.009 [pool-1-thread-40] INFO  com.metadata.yg.consumer.FileConsumer - pool-1-thread-40，消费完成，耗费时间:7 ms,消费数据长度:0
2019-01-03 18:27:33.009 [pool-1-thread-33] INFO  com.metadata.yg.consumer.FileConsumer - pool-1-thread-33，消费完成，耗费时间:7 ms,消费数据长度:0
2019-01-03 18:27:33.010 [pool-1-thread-27] INFO  com.metadata.yg.consumer.FileConsumer - pool-1-thread-27，消费完成，耗费时间:7 ms,消费数据长度:0
2019-01-03 18:27:33.010 [pool-1-thread-25] INFO  com.metadata.yg.consumer.FileConsumer - pool-1-thread-25，消费完成，耗费时间:7 ms,消费数据长度:0
2019-01-03 18:27:33.010 [pool-1-thread-37] INFO  com.metadata.yg.consumer.FileConsumer - pool-1-thread-37，消费完成，耗费时间:7 ms,消费数据长度:0
2019-01-03 18:27:33.010 [pool-1-thread-30] INFO  com.metadata.yg.consumer.FileConsumer - pool-1-thread-30，消费完成，耗费时间:6 ms,消费数据长度:0
2019-01-03 18:27:33.010 [pool-1-thread-21] INFO  com.metadata.yg.consumer.FileConsumer - pool-1-thread-21，消费完成，耗费时间:6 ms,消费数据长度:0
2019-01-03 18:27:33.011 [pool-1-thread-22] INFO  com.metadata.yg.consumer.FileConsumer - pool-1-thread-22，消费完成，耗费时间:6 ms,消费数据长度:0
2019-01-03 18:27:33.011 [pool-1-thread-29] INFO  com.metadata.yg.consumer.FileConsumer - pool-1-thread-29，消费完成，耗费时间:6 ms,消费数据长度:0
2019-01-03 18:27:33.011 [pool-1-thread-32] INFO  com.metadata.yg.consumer.FileConsumer - pool-1-thread-32，消费完成，耗费时间:5 ms,消费数据长度:0
2019-01-03 18:27:33.012 [pool-1-thread-39] INFO  com.metadata.yg.consumer.FileConsumer - pool-1-thread-39，消费完成，耗费时间:6 ms,消费数据长度:0
2019-01-03 18:27:33.012 [pool-1-thread-35] INFO  com.metadata.yg.consumer.FileConsumer - pool-1-thread-35，消费完成，耗费时间:5 ms,消费数据长度:0
2019-01-03 18:27:33.013 [pool-1-thread-24] INFO  com.metadata.yg.consumer.FileConsumer - pool-1-thread-24，消费完成，耗费时间:5 ms,消费数据长度:0
2019-01-03 18:27:33.013 [pool-1-thread-36] INFO  com.metadata.yg.consumer.FileConsumer - pool-1-thread-36，消费完成，耗费时间:6 ms,消费数据长度:0
2019-01-03 18:27:33.014 [pool-1-thread-23] INFO  com.metadata.yg.consumer.FileConsumer - pool-1-thread-23，消费完成，耗费时间:5 ms,消费数据长度:0
2019-01-03 18:27:33.014 [pool-1-thread-28] INFO  com.metadata.yg.consumer.FileConsumer - pool-1-thread-28，消费完成，耗费时间:6 ms,消费数据长度:0
2019-01-03 18:27:33.014 [pool-1-thread-31] INFO  com.metadata.yg.consumer.FileConsumer - pool-1-thread-31，消费完成，耗费时间:6 ms,消费数据长度:0
2019-01-03 18:27:33.015 [pool-1-thread-38] INFO  com.metadata.yg.consumer.FileConsumer - pool-1-thread-38，消费完成，耗费时间:7 ms,消费数据长度:0
2019-01-03 18:27:33.015 [pool-1-thread-26] INFO  com.metadata.yg.consumer.FileConsumer - pool-1-thread-26，消费完成，耗费时间:6 ms,消费数据长度:0
2019-01-03 18:27:33.015 [pool-1-thread-34] INFO  com.metadata.yg.consumer.FileConsumer - pool-1-thread-34，消费完成，耗费时间:6 ms,消费数据长度:0
2019-01-03 18:27:33.016 [pool-1-thread-33] INFO  com.metadata.yg.consumer.FileConsumer - pool-1-thread-33，消费完成，耗费时间:7 ms,消费数据长度:0
2019-01-03 18:27:33.016 [pool-1-thread-40] INFO  com.metadata.yg.consumer.FileConsumer - pool-1-thread-40，消费完成，耗费时间:7 ms,消费数据长度:0
2019-01-03 18:27:33.016 [pool-1-thread-25] INFO  com.metadata.yg.consumer.FileConsumer - pool-1-thread-25，消费完成，耗费时间:6 ms,消费数据长度:0
2019-01-03 18:27:33.016 [pool-1-thread-27] INFO  com.metadata.yg.consumer.FileConsumer - pool-1-thread-27，消费完成，耗费时间:6 ms,消费数据长度:0
2019-01-03 18:27:33.017 [pool-1-thread-30] INFO  com.metadata.yg.consumer.FileConsumer - pool-1-thread-30，消费完成，耗费时间:7 ms,消费数据长度:0
2019-01-03 18:27:33.017 [pool-1-thread-37] INFO  com.metadata.yg.consumer.FileConsumer - pool-1-thread-37，消费完成，耗费时间:7 ms,消费数据长度:0
2019-01-03 18:27:33.017 [pool-1-thread-22] INFO  com.metadata.yg.consumer.FileConsumer - pool-1-thread-22，消费完成，耗费时间:6 ms,消费数据长度:0
2019-01-03 18:27:33.017 [pool-1-thread-21] INFO  com.metadata.yg.consumer.FileConsumer - pool-1-thread-21，消费完成，耗费时间:7 ms,消费数据长度:0
2019-01-03 18:27:33.017 [pool-1-thread-32] INFO  com.metadata.yg.consumer.FileConsumer - pool-1-thread-32，消费完成，耗费时间:6 ms,消费数据长度:0
2019-01-03 18:27:33.018 [pool-1-thread-29] INFO  com.metadata.yg.consumer.FileConsumer - pool-1-thread-29，消费完成，耗费时间:6 ms,消费数据长度:0
2019-01-03 18:27:33.018 [pool-1-thread-39] INFO  com.metadata.yg.consumer.FileConsumer - pool-1-thread-39，消费完成，耗费时间:6 ms,消费数据长度:0
2019-01-03 18:27:33.019 [pool-1-thread-24] INFO  com.metadata.yg.consumer.FileConsumer - pool-1-thread-24，消费完成，耗费时间:5 ms,消费数据长度:0
2019-01-03 18:27:33.019 [pool-1-thread-35] INFO  com.metadata.yg.consumer.FileConsumer - pool-1-thread-35，消费完成，耗费时间:7 ms,消费数据长度:0
2019-01-03 18:27:33.020 [pool-1-thread-36] INFO  com.metadata.yg.consumer.FileConsumer - pool-1-thread-36，消费完成，耗费时间:7 ms,消费数据长度:0
2019-01-03 18:27:33.020 [pool-1-thread-23] INFO  com.metadata.yg.consumer.FileConsumer - pool-1-thread-23，消费完成，耗费时间:6 ms,消费数据长度:0
2019-01-03 18:27:33.021 [pool-1-thread-28] INFO  com.metadata.yg.consumer.FileConsumer - pool-1-thread-28，消费完成，耗费时间:7 ms,消费数据长度:0
2019-01-03 18:27:33.022 [pool-1-thread-31] INFO  com.metadata.yg.consumer.FileConsumer - pool-1-thread-31，消费完成，耗费时间:7 ms,消费数据长度:0
2019-01-03 18:27:33.022 [pool-1-thread-26] INFO  com.metadata.yg.consumer.FileConsumer - pool-1-thread-26，消费完成，耗费时间:7 ms,消费数据长度:0
2019-01-03 18:27:33.022 [pool-1-thread-38] INFO  com.metadata.yg.consumer.FileConsumer - pool-1-thread-38，消费完成，耗费时间:7 ms,消费数据长度:0
2019-01-03 18:27:33.023 [pool-1-thread-34] INFO  com.metadata.yg.consumer.FileConsumer - pool-1-thread-34，消费完成，耗费时间:8 ms,消费数据长度:0
2019-01-03 18:27:33.023 [pool-1-thread-33] INFO  com.metadata.yg.consumer.FileConsumer - pool-1-thread-33，消费完成，耗费时间:7 ms,消费数据长度:0
2019-01-03 18:27:33.024 [pool-1-thread-40] INFO  com.metadata.yg.consumer.FileConsumer - pool-1-thread-40，消费完成，耗费时间:8 ms,消费数据长度:0
2019-01-03 18:27:33.024 [pool-1-thread-25] INFO  com.metadata.yg.consumer.FileConsumer - pool-1-thread-25，消费完成，耗费时间:8 ms,消费数据长度:0
2019-01-03 18:27:33.025 [pool-1-thread-27] INFO  com.metadata.yg.consumer.FileConsumer - pool-1-thread-27，消费完成，耗费时间:9 ms,消费数据长度:0
2019-01-03 18:27:33.025 [pool-1-thread-30] INFO  com.metadata.yg.consumer.FileConsumer - pool-1-thread-30，消费完成，耗费时间:8 ms,消费数据长度:0
2019-01-03 18:27:33.025 [pool-1-thread-37] INFO  com.metadata.yg.consumer.FileConsumer - pool-1-thread-37，消费完成，耗费时间:8 ms,消费数据长度:0
2019-01-03 18:27:33.025 [pool-1-thread-22] INFO  com.metadata.yg.consumer.FileConsumer - pool-1-thread-22，消费完成，耗费时间:8 ms,消费数据长度:0
2019-01-03 18:27:33.026 [pool-1-thread-21] INFO  com.metadata.yg.consumer.FileConsumer - pool-1-thread-21，消费完成，耗费时间:9 ms,消费数据长度:0
2019-01-03 18:27:33.027 [pool-1-thread-32] INFO  com.metadata.yg.consumer.FileConsumer - pool-1-thread-32，消费完成，耗费时间:10 ms,消费数据长度:0
2019-01-03 18:27:33.027 [pool-1-thread-29] INFO  com.metadata.yg.consumer.FileConsumer - pool-1-thread-29，消费完成，耗费时间:9 ms,消费数据长度:0
2019-01-03 18:27:33.027 [pool-1-thread-24] INFO  com.metadata.yg.consumer.FileConsumer - pool-1-thread-24，消费完成，耗费时间:8 ms,消费数据长度:0
2019-01-03 18:27:33.028 [pool-1-thread-39] INFO  com.metadata.yg.consumer.FileConsumer - pool-1-thread-39，消费完成，耗费时间:10 ms,消费数据长度:0
2019-01-03 18:27:33.028 [pool-1-thread-36] INFO  com.metadata.yg.consumer.FileConsumer - pool-1-thread-36，消费完成，耗费时间:8 ms,消费数据长度:0
2019-01-03 18:27:33.028 [pool-1-thread-35] INFO  com.metadata.yg.consumer.FileConsumer - pool-1-thread-35，消费完成，耗费时间:9 ms,消费数据长度:0
2019-01-03 18:27:33.029 [pool-1-thread-23] INFO  com.metadata.yg.consumer.FileConsumer - pool-1-thread-23，消费完成，耗费时间:8 ms,消费数据长度:0
2019-01-03 18:27:33.029 [pool-1-thread-28] INFO  com.metadata.yg.consumer.FileConsumer - pool-1-thread-28，消费完成，耗费时间:8 ms,消费数据长度:0
2019-01-03 18:27:33.029 [pool-1-thread-31] INFO  com.metadata.yg.consumer.FileConsumer - pool-1-thread-31，消费完成，耗费时间:7 ms,消费数据长度:0
2019-01-03 18:27:33.030 [pool-1-thread-26] INFO  com.metadata.yg.consumer.FileConsumer - pool-1-thread-26，消费完成，耗费时间:7 ms,消费数据长度:0
2019-01-03 18:27:33.030 [pool-1-thread-38] INFO  com.metadata.yg.consumer.FileConsumer - pool-1-thread-38，消费完成，耗费时间:7 ms,消费数据长度:0
2019-01-03 18:27:33.031 [pool-1-thread-33] INFO  com.metadata.yg.consumer.FileConsumer - pool-1-thread-33，消费完成，耗费时间:8 ms,消费数据长度:0
2019-01-03 18:27:33.031 [pool-1-thread-40] INFO  com.metadata.yg.consumer.FileConsumer - pool-1-thread-40，消费完成，耗费时间:7 ms,消费数据长度:0
2019-01-03 18:27:33.031 [pool-1-thread-34] INFO  com.metadata.yg.consumer.FileConsumer - pool-1-thread-34，消费完成，耗费时间:8 ms,消费数据长度:0
2019-01-03 18:27:33.032 [pool-1-thread-27] INFO  com.metadata.yg.consumer.FileConsumer - pool-1-thread-27，消费完成，耗费时间:7 ms,消费数据长度:0
2019-01-03 18:27:33.032 [pool-1-thread-25] INFO  com.metadata.yg.consumer.FileConsumer - pool-1-thread-25，消费完成，耗费时间:8 ms,消费数据长度:0
2019-01-03 18:27:33.032 [pool-1-thread-30] INFO  com.metadata.yg.consumer.FileConsumer - pool-1-thread-30，消费完成，耗费时间:7 ms,消费数据长度:0
2019-01-03 18:27:33.033 [pool-1-thread-37] INFO  com.metadata.yg.consumer.FileConsumer - pool-1-thread-37，消费完成，耗费时间:7 ms,消费数据长度:0
2019-01-03 18:27:33.033 [pool-1-thread-21] INFO  com.metadata.yg.consumer.FileConsumer - pool-1-thread-21，消费完成，耗费时间:7 ms,消费数据长度:0
2019-01-03 18:27:33.033 [pool-1-thread-22] INFO  com.metadata.yg.consumer.FileConsumer - pool-1-thread-22，消费完成，耗费时间:7 ms,消费数据长度:0
2019-01-03 18:27:33.034 [pool-1-thread-32] INFO  com.metadata.yg.consumer.FileConsumer - pool-1-thread-32，消费完成，耗费时间:7 ms,消费数据长度:0
2019-01-03 18:27:33.034 [pool-1-thread-29] INFO  com.metadata.yg.consumer.FileConsumer - pool-1-thread-29，消费完成，耗费时间:7 ms,消费数据长度:0
2019-01-03 18:27:33.034 [pool-1-thread-39] INFO  com.metadata.yg.consumer.FileConsumer - pool-1-thread-39，消费完成，耗费时间:6 ms,消费数据长度:0
2019-01-03 18:27:33.034 [pool-1-thread-24] INFO  com.metadata.yg.consumer.FileConsumer - pool-1-thread-24，消费完成，耗费时间:7 ms,消费数据长度:0
2019-01-03 18:27:33.034 [pool-1-thread-35] INFO  com.metadata.yg.consumer.FileConsumer - pool-1-thread-35，消费完成，耗费时间:6 ms,消费数据长度:0
2019-01-03 18:27:33.035 [pool-1-thread-36] INFO  com.metadata.yg.consumer.FileConsumer - pool-1-thread-36，消费完成，耗费时间:6 ms,消费数据长度:0
2019-01-03 18:27:33.035 [pool-1-thread-23] INFO  com.metadata.yg.consumer.FileConsumer - pool-1-thread-23，消费完成，耗费时间:6 ms,消费数据长度:0
2019-01-03 18:27:33.035 [pool-1-thread-31] INFO  com.metadata.yg.consumer.FileConsumer - pool-1-thread-31，消费完成，耗费时间:6 ms,消费数据长度:0
2019-01-03 18:27:33.036 [pool-1-thread-28] INFO  com.metadata.yg.consumer.FileConsumer - pool-1-thread-28，消费完成，耗费时间:7 ms,消费数据长度:0
2019-01-03 18:27:33.036 [pool-1-thread-26] INFO  com.metadata.yg.consumer.FileConsumer - pool-1-thread-26，消费完成，耗费时间:6 ms,消费数据长度:0
2019-01-03 18:27:33.036 [pool-1-thread-38] INFO  com.metadata.yg.consumer.FileConsumer - pool-1-thread-38，消费完成，耗费时间:6 ms,消费数据长度:0
2019-01-03 18:27:33.037 [pool-1-thread-40] INFO  com.metadata.yg.consumer.FileConsumer - pool-1-thread-40，消费完成，耗费时间:6 ms,消费数据长度:0
2019-01-03 18:27:33.037 [pool-1-thread-33] INFO  com.metadata.yg.consumer.FileConsumer - pool-1-thread-33，消费完成，耗费时间:6 ms,消费数据长度:0
2019-01-03 18:27:33.037 [pool-1-thread-34] INFO  com.metadata.yg.consumer.FileConsumer - pool-1-thread-34，消费完成，耗费时间:6 ms,消费数据长度:0
2019-01-03 18:27:33.037 [pool-1-thread-27] INFO  com.metadata.yg.consumer.FileConsumer - pool-1-thread-27，消费完成，耗费时间:5 ms,消费数据长度:0
2019-01-03 18:27:33.038 [pool-1-thread-25] INFO  com.metadata.yg.consumer.FileConsumer - pool-1-thread-25，消费完成，耗费时间:6 ms,消费数据长度:0
2019-01-03 18:27:33.038 [pool-1-thread-30] INFO  com.metadata.yg.consumer.FileConsumer - pool-1-thread-30，消费完成，耗费时间:6 ms,消费数据长度:0
2019-01-03 18:27:33.038 [pool-1-thread-37] INFO  com.metadata.yg.consumer.FileConsumer - pool-1-thread-37，消费完成，耗费时间:5 ms,消费数据长度:0
2019-01-03 18:27:33.039 [pool-1-thread-22] INFO  com.metadata.yg.consumer.FileConsumer - pool-1-thread-22，消费完成，耗费时间:6 ms,消费数据长度:0
2019-01-03 18:27:33.039 [pool-1-thread-21] INFO  com.metadata.yg.consumer.FileConsumer - pool-1-thread-21，消费完成，耗费时间:6 ms,消费数据长度:0
2019-01-03 18:27:33.039 [pool-1-thread-32] INFO  com.metadata.yg.consumer.FileConsumer - pool-1-thread-32，消费完成，耗费时间:5 ms,消费数据长度:0
2019-01-03 18:27:33.039 [pool-1-thread-29] INFO  com.metadata.yg.consumer.FileConsumer - pool-1-thread-29，消费完成，耗费时间:5 ms,消费数据长度:0
2019-01-03 18:27:33.040 [pool-1-thread-24] INFO  com.metadata.yg.consumer.FileConsumer - pool-1-thread-24，消费完成，耗费时间:6 ms,消费数据长度:0
2019-01-03 18:27:33.040 [pool-1-thread-39] INFO  com.metadata.yg.consumer.FileConsumer - pool-1-thread-39，消费完成，耗费时间:6 ms,消费数据长度:0
2019-01-03 18:27:33.040 [pool-1-thread-36] INFO  com.metadata.yg.consumer.FileConsumer - pool-1-thread-36，消费完成，耗费时间:5 ms,消费数据长度:0
2019-01-03 18:27:33.040 [pool-1-thread-35] INFO  com.metadata.yg.consumer.FileConsumer - pool-1-thread-35，消费完成，耗费时间:5 ms,消费数据长度:0
2019-01-03 18:27:33.041 [pool-1-thread-23] INFO  com.metadata.yg.consumer.FileConsumer - pool-1-thread-23，消费完成，耗费时间:6 ms,消费数据长度:0
2019-01-03 18:27:33.041 [pool-1-thread-31] INFO  com.metadata.yg.consumer.FileConsumer - pool-1-thread-31，消费完成，耗费时间:6 ms,消费数据长度:0
2019-01-03 18:27:33.042 [pool-1-thread-28] INFO  com.metadata.yg.consumer.FileConsumer - pool-1-thread-28，消费完成，耗费时间:6 ms,消费数据长度:0
2019-01-03 18:27:33.043 [pool-1-thread-38] INFO  com.metadata.yg.consumer.FileConsumer - pool-1-thread-38，消费完成，耗费时间:6 ms,消费数据长度:0
2019-01-03 18:27:33.043 [pool-1-thread-26] INFO  com.metadata.yg.consumer.FileConsumer - pool-1-thread-26，消费完成，耗费时间:7 ms,消费数据长度:0
2019-01-03 18:27:33.043 [pool-1-thread-40] INFO  com.metadata.yg.consumer.FileConsumer - pool-1-thread-40，消费完成，耗费时间:6 ms,消费数据长度:0
2019-01-03 18:27:33.043 [pool-1-thread-33] INFO  com.metadata.yg.consumer.FileConsumer - pool-1-thread-33，消费完成，耗费时间:6 ms,消费数据长度:0
2019-01-03 18:27:33.044 [pool-1-thread-27] INFO  com.metadata.yg.consumer.FileConsumer - pool-1-thread-27，消费完成，耗费时间:7 ms,消费数据长度:0
2019-01-03 18:27:33.044 [pool-1-thread-34] INFO  com.metadata.yg.consumer.FileConsumer - pool-1-thread-34，消费完成，耗费时间:7 ms,消费数据长度:0
2019-01-03 18:27:33.044 [pool-1-thread-25] INFO  com.metadata.yg.consumer.FileConsumer - pool-1-thread-25，消费完成，耗费时间:6 ms,消费数据长度:0
2019-01-03 18:27:33.045 [pool-1-thread-37] INFO  com.metadata.yg.consumer.FileConsumer - pool-1-thread-37，消费完成，耗费时间:7 ms,消费数据长度:0
2019-01-03 18:27:33.045 [pool-1-thread-30] INFO  com.metadata.yg.consumer.FileConsumer - pool-1-thread-30，消费完成，耗费时间:7 ms,消费数据长度:0
2019-01-03 18:27:33.045 [pool-1-thread-22] INFO  com.metadata.yg.consumer.FileConsumer - pool-1-thread-22，消费完成，耗费时间:6 ms,消费数据长度:0
2019-01-03 18:27:33.045 [pool-1-thread-21] INFO  com.metadata.yg.consumer.FileConsumer - pool-1-thread-21，消费完成，耗费时间:6 ms,消费数据长度:0
2019-01-03 18:27:33.046 [pool-1-thread-29] INFO  com.metadata.yg.consumer.FileConsumer - pool-1-thread-29，消费完成，耗费时间:7 ms,消费数据长度:0
2019-01-03 18:27:33.046 [pool-1-thread-32] INFO  com.metadata.yg.consumer.FileConsumer - pool-1-thread-32，消费完成，耗费时间:7 ms,消费数据长度:0
2019-01-03 18:27:33.046 [pool-1-thread-24] INFO  com.metadata.yg.consumer.FileConsumer - pool-1-thread-24，消费完成，耗费时间:6 ms,消费数据长度:0
2019-01-03 18:27:33.047 [pool-1-thread-39] INFO  com.metadata.yg.consumer.FileConsumer - pool-1-thread-39，消费完成，耗费时间:7 ms,消费数据长度:0
2019-01-03 18:27:33.047 [pool-1-thread-35] INFO  com.metadata.yg.consumer.FileConsumer - pool-1-thread-35，消费完成，耗费时间:7 ms,消费数据长度:0
2019-01-03 18:27:33.047 [pool-1-thread-36] INFO  com.metadata.yg.consumer.FileConsumer - pool-1-thread-36，消费完成，耗费时间:6 ms,消费数据长度:0
2019-01-03 18:27:33.048 [pool-1-thread-23] INFO  com.metadata.yg.consumer.FileConsumer - pool-1-thread-23，消费完成，耗费时间:7 ms,消费数据长度:0
2019-01-03 18:27:33.048 [pool-1-thread-31] INFO  com.metadata.yg.consumer.FileConsumer - pool-1-thread-31，消费完成，耗费时间:6 ms,消费数据长度:0
2019-01-03 18:27:33.049 [pool-1-thread-28] INFO  com.metadata.yg.consumer.FileConsumer - pool-1-thread-28，消费完成，耗费时间:7 ms,消费数据长度:0
2019-01-03 18:27:33.049 [pool-1-thread-38] INFO  com.metadata.yg.consumer.FileConsumer - pool-1-thread-38，消费完成，耗费时间:6 ms,消费数据长度:0
2019-01-03 18:27:33.050 [pool-1-thread-26] INFO  com.metadata.yg.consumer.FileConsumer - pool-1-thread-26，消费完成，耗费时间:6 ms,消费数据长度:0
2019-01-03 18:27:33.050 [pool-1-thread-40] INFO  com.metadata.yg.consumer.FileConsumer - pool-1-thread-40，消费完成，耗费时间:7 ms,消费数据长度:0
2019-01-03 18:27:33.050 [pool-1-thread-27] INFO  com.metadata.yg.consumer.FileConsumer - pool-1-thread-27，消费完成，耗费时间:6 ms,消费数据长度:0
2019-01-03 18:27:33.050 [pool-1-thread-33] INFO  com.metadata.yg.consumer.FileConsumer - pool-1-thread-33，消费完成，耗费时间:7 ms,消费数据长度:0
2019-01-03 18:27:33.051 [pool-1-thread-25] INFO  com.metadata.yg.consumer.FileConsumer - pool-1-thread-25，消费完成，耗费时间:7 ms,消费数据长度:0
2019-01-03 18:27:33.051 [pool-1-thread-34] INFO  com.metadata.yg.consumer.FileConsumer - pool-1-thread-34，消费完成，耗费时间:7 ms,消费数据长度:0
2019-01-03 18:27:33.051 [pool-1-thread-30] INFO  com.metadata.yg.consumer.FileConsumer - pool-1-thread-30，消费完成，耗费时间:6 ms,消费数据长度:0
2019-01-03 18:27:33.051 [pool-1-thread-37] INFO  com.metadata.yg.consumer.FileConsumer - pool-1-thread-37，消费完成，耗费时间:6 ms,消费数据长度:0
2019-01-03 18:27:33.051 [pool-1-thread-22] INFO  com.metadata.yg.consumer.FileConsumer - pool-1-thread-22，消费完成，耗费时间:6 ms,消费数据长度:0
2019-01-03 18:27:33.052 [pool-1-thread-29] INFO  com.metadata.yg.consumer.FileConsumer - pool-1-thread-29，消费完成，耗费时间:6 ms,消费数据长度:0
2019-01-03 18:27:33.052 [pool-1-thread-21] INFO  com.metadata.yg.consumer.FileConsumer - pool-1-thread-21，消费完成，耗费时间:7 ms,消费数据长度:0
2019-01-03 18:27:33.053 [pool-1-thread-32] INFO  com.metadata.yg.consumer.FileConsumer - pool-1-thread-32，消费完成，耗费时间:7 ms,消费数据长度:0
2019-01-03 18:27:33.053 [pool-1-thread-24] INFO  com.metadata.yg.consumer.FileConsumer - pool-1-thread-24，消费完成，耗费时间:7 ms,消费数据长度:0
2019-01-03 18:27:33.054 [pool-1-thread-39] INFO  com.metadata.yg.consumer.FileConsumer - pool-1-thread-39，消费完成，耗费时间:7 ms,消费数据长度:0
2019-01-03 18:27:33.054 [pool-1-thread-36] INFO  com.metadata.yg.consumer.FileConsumer - pool-1-thread-36，消费完成，耗费时间:7 ms,消费数据长度:0
2019-01-03 18:27:33.055 [pool-1-thread-35] INFO  com.metadata.yg.consumer.FileConsumer - pool-1-thread-35，消费完成，耗费时间:8 ms,消费数据长度:0
2019-01-03 18:27:33.055 [pool-1-thread-23] INFO  com.metadata.yg.consumer.FileConsumer - pool-1-thread-23，消费完成，耗费时间:7 ms,消费数据长度:0
2019-01-03 18:27:33.056 [pool-1-thread-28] INFO  com.metadata.yg.consumer.FileConsumer - pool-1-thread-28，消费完成，耗费时间:6 ms,消费数据长度:0
2019-01-03 18:27:33.056 [pool-1-thread-31] INFO  com.metadata.yg.consumer.FileConsumer - pool-1-thread-31，消费完成，耗费时间:8 ms,消费数据长度:0
2019-01-03 18:27:33.056 [pool-1-thread-26] INFO  com.metadata.yg.consumer.FileConsumer - pool-1-thread-26，消费完成，耗费时间:6 ms,消费数据长度:0
2019-01-03 18:27:33.056 [pool-1-thread-38] INFO  com.metadata.yg.consumer.FileConsumer - pool-1-thread-38，消费完成，耗费时间:7 ms,消费数据长度:0
2019-01-03 18:27:33.056 [pool-1-thread-27] INFO  com.metadata.yg.consumer.FileConsumer - pool-1-thread-27，消费完成，耗费时间:6 ms,消费数据长度:0
2019-01-03 18:27:33.056 [pool-1-thread-40] INFO  com.metadata.yg.consumer.FileConsumer - pool-1-thread-40，消费完成，耗费时间:6 ms,消费数据长度:0
2019-01-03 18:27:33.057 [pool-1-thread-25] INFO  com.metadata.yg.consumer.FileConsumer - pool-1-thread-25，消费完成，耗费时间:6 ms,消费数据长度:0
2019-01-03 18:27:33.057 [pool-1-thread-33] INFO  com.metadata.yg.consumer.FileConsumer - pool-1-thread-33，消费完成，耗费时间:7 ms,消费数据长度:0
2019-01-03 18:27:33.057 [pool-1-thread-30] INFO  com.metadata.yg.consumer.FileConsumer - pool-1-thread-30，消费完成，耗费时间:6 ms,消费数据长度:0
2019-01-03 18:27:33.057 [pool-1-thread-34] INFO  com.metadata.yg.consumer.FileConsumer - pool-1-thread-34，消费完成，耗费时间:6 ms,消费数据长度:0
2019-01-03 18:27:33.057 [pool-1-thread-37] INFO  com.metadata.yg.consumer.FileConsumer - pool-1-thread-37，消费完成，耗费时间:6 ms,消费数据长度:0
2019-01-03 18:27:33.058 [pool-1-thread-22] INFO  com.metadata.yg.consumer.FileConsumer - pool-1-thread-22，消费完成，耗费时间:6 ms,消费数据长度:0
2019-01-03 18:27:33.058 [pool-1-thread-29] INFO  com.metadata.yg.consumer.FileConsumer - pool-1-thread-29，消费完成，耗费时间:6 ms,消费数据长度:0
2019-01-03 18:27:33.058 [pool-1-thread-21] INFO  com.metadata.yg.consumer.FileConsumer - pool-1-thread-21，消费完成，耗费时间:6 ms,消费数据长度:0
2019-01-03 18:27:33.058 [pool-1-thread-32] INFO  com.metadata.yg.consumer.FileConsumer - pool-1-thread-32，消费完成，耗费时间:5 ms,消费数据长度:0
2019-01-03 18:27:33.059 [pool-1-thread-24] INFO  com.metadata.yg.consumer.FileConsumer - pool-1-thread-24，消费完成，耗费时间:5 ms,消费数据长度:0
2019-01-03 18:27:33.059 [pool-1-thread-39] INFO  com.metadata.yg.consumer.FileConsumer - pool-1-thread-39，消费完成，耗费时间:5 ms,消费数据长度:0
2019-01-03 18:27:33.059 [pool-1-thread-36] INFO  com.metadata.yg.consumer.FileConsumer - pool-1-thread-36，消费完成，耗费时间:5 ms,消费数据长度:0
2019-01-03 18:27:33.059 [pool-1-thread-35] INFO  com.metadata.yg.consumer.FileConsumer - pool-1-thread-35，消费完成，耗费时间:4 ms,消费数据长度:0
2019-01-03 18:27:33.059 [pool-1-thread-23] INFO  com.metadata.yg.consumer.FileConsumer - pool-1-thread-23，消费完成，耗费时间:4 ms,消费数据长度:0
2019-01-03 18:27:33.060 [pool-1-thread-31] INFO  com.metadata.yg.consumer.FileConsumer - pool-1-thread-31，消费完成，耗费时间:4 ms,消费数据长度:0
2019-01-03 18:27:33.060 [pool-1-thread-28] INFO  com.metadata.yg.consumer.FileConsumer - pool-1-thread-28，消费完成，耗费时间:4 ms,消费数据长度:0
2019-01-03 18:27:33.060 [pool-1-thread-38] INFO  com.metadata.yg.consumer.FileConsumer - pool-1-thread-38，消费完成，耗费时间:4 ms,消费数据长度:0
2019-01-03 18:27:33.061 [pool-1-thread-26] INFO  com.metadata.yg.consumer.FileConsumer - pool-1-thread-26，消费完成，耗费时间:4 ms,消费数据长度:0
2019-01-03 18:27:33.061 [pool-1-thread-27] INFO  com.metadata.yg.consumer.FileConsumer - pool-1-thread-27，消费完成，耗费时间:5 ms,消费数据长度:0
2019-01-03 18:27:33.062 [pool-1-thread-25] INFO  com.metadata.yg.consumer.FileConsumer - pool-1-thread-25，消费完成，耗费时间:5 ms,消费数据长度:0
2019-01-03 18:27:33.062 [pool-1-thread-40] INFO  com.metadata.yg.consumer.FileConsumer - pool-1-thread-40，消费完成，耗费时间:6 ms,消费数据长度:0
2019-01-03 18:27:33.063 [pool-1-thread-33] INFO  com.metadata.yg.consumer.FileConsumer - pool-1-thread-33，消费完成，耗费时间:6 ms,消费数据长度:0
2019-01-03 18:27:33.063 [pool-1-thread-30] INFO  com.metadata.yg.consumer.FileConsumer - pool-1-thread-30，消费完成，耗费时间:6 ms,消费数据长度:0
2019-01-03 18:27:33.063 [pool-1-thread-34] INFO  com.metadata.yg.consumer.FileConsumer - pool-1-thread-34，消费完成，耗费时间:6 ms,消费数据长度:0
2019-01-03 18:27:33.063 [pool-1-thread-37] INFO  com.metadata.yg.consumer.FileConsumer - pool-1-thread-37，消费完成，耗费时间:6 ms,消费数据长度:0
2019-01-03 18:27:33.064 [pool-1-thread-29] INFO  com.metadata.yg.consumer.FileConsumer - pool-1-thread-29，消费完成，耗费时间:6 ms,消费数据长度:0
2019-01-03 18:27:33.064 [pool-1-thread-22] INFO  com.metadata.yg.consumer.FileConsumer - pool-1-thread-22，消费完成，耗费时间:6 ms,消费数据长度:0
2019-01-03 18:27:33.064 [pool-1-thread-21] INFO  com.metadata.yg.consumer.FileConsumer - pool-1-thread-21，消费完成，耗费时间:6 ms,消费数据长度:0
2019-01-03 18:27:33.064 [pool-1-thread-24] INFO  com.metadata.yg.consumer.FileConsumer - pool-1-thread-24，消费完成，耗费时间:5 ms,消费数据长度:0
2019-01-03 18:27:33.065 [pool-1-thread-32] INFO  com.metadata.yg.consumer.FileConsumer - pool-1-thread-32，消费完成，耗费时间:7 ms,消费数据长度:0
2019-01-03 18:27:33.065 [pool-1-thread-36] INFO  com.metadata.yg.consumer.FileConsumer - pool-1-thread-36，消费完成，耗费时间:6 ms,消费数据长度:0
2019-01-03 18:27:33.065 [pool-1-thread-39] INFO  com.metadata.yg.consumer.FileConsumer - pool-1-thread-39，消费完成，耗费时间:6 ms,消费数据长度:0
2019-01-03 18:27:33.065 [pool-1-thread-23] INFO  com.metadata.yg.consumer.FileConsumer - pool-1-thread-23，消费完成，耗费时间:6 ms,消费数据长度:0
2019-01-03 18:27:33.066 [pool-1-thread-35] INFO  com.metadata.yg.consumer.FileConsumer - pool-1-thread-35，消费完成，耗费时间:6 ms,消费数据长度:0
2019-01-03 18:27:33.066 [pool-1-thread-31] INFO  com.metadata.yg.consumer.FileConsumer - pool-1-thread-31，消费完成，耗费时间:6 ms,消费数据长度:0
2019-01-03 18:27:33.066 [pool-1-thread-28] INFO  com.metadata.yg.consumer.FileConsumer - pool-1-thread-28，消费完成，耗费时间:6 ms,消费数据长度:0
2019-01-03 18:27:33.066 [pool-1-thread-38] INFO  com.metadata.yg.consumer.FileConsumer - pool-1-thread-38，消费完成，耗费时间:6 ms,消费数据长度:0
2019-01-03 18:27:33.067 [pool-1-thread-26] INFO  com.metadata.yg.consumer.FileConsumer - pool-1-thread-26，消费完成，耗费时间:6 ms,消费数据长度:0
2019-01-03 18:27:33.067 [pool-1-thread-27] INFO  com.metadata.yg.consumer.FileConsumer - pool-1-thread-27，消费完成，耗费时间:6 ms,消费数据长度:0
2019-01-03 18:27:33.067 [pool-1-thread-40] INFO  com.metadata.yg.consumer.FileConsumer - pool-1-thread-40，消费完成，耗费时间:5 ms,消费数据长度:0
2019-01-03 18:27:33.067 [pool-1-thread-25] INFO  com.metadata.yg.consumer.FileConsumer - pool-1-thread-25，消费完成，耗费时间:5 ms,消费数据长度:0
2019-01-03 18:27:33.068 [pool-1-thread-33] INFO  com.metadata.yg.consumer.FileConsumer - pool-1-thread-33，消费完成，耗费时间:5 ms,消费数据长度:0
2019-01-03 18:27:33.068 [pool-1-thread-30] INFO  com.metadata.yg.consumer.FileConsumer - pool-1-thread-30，消费完成，耗费时间:5 ms,消费数据长度:0
2019-01-03 18:27:33.068 [pool-1-thread-34] INFO  com.metadata.yg.consumer.FileConsumer - pool-1-thread-34，消费完成，耗费时间:5 ms,消费数据长度:0
2019-01-03 18:27:33.068 [pool-1-thread-37] INFO  com.metadata.yg.consumer.FileConsumer - pool-1-thread-37，消费完成，耗费时间:5 ms,消费数据长度:0
2019-01-03 18:27:33.069 [pool-1-thread-29] INFO  com.metadata.yg.consumer.FileConsumer - pool-1-thread-29，消费完成，耗费时间:5 ms,消费数据长度:0
2019-01-03 18:27:33.069 [pool-1-thread-22] INFO  com.metadata.yg.consumer.FileConsumer - pool-1-thread-22，消费完成，耗费时间:5 ms,消费数据长度:0
2019-01-03 18:27:33.069 [pool-1-thread-21] INFO  com.metadata.yg.consumer.FileConsumer - pool-1-thread-21，消费完成，耗费时间:5 ms,消费数据长度:0
2019-01-03 18:27:33.069 [pool-1-thread-24] INFO  com.metadata.yg.consumer.FileConsumer - pool-1-thread-24，消费完成，耗费时间:4 ms,消费数据长度:0
2019-01-03 18:27:33.070 [pool-1-thread-32] INFO  com.metadata.yg.consumer.FileConsumer - pool-1-thread-32，消费完成，耗费时间:5 ms,消费数据长度:0
2019-01-03 18:27:33.070 [pool-1-thread-39] INFO  com.metadata.yg.consumer.FileConsumer - pool-1-thread-39，消费完成，耗费时间:5 ms,消费数据长度:0
2019-01-03 18:27:33.072 [pool-1-thread-36] INFO  com.metadata.yg.consumer.FileConsumer - pool-1-thread-36，消费完成，耗费时间:7 ms,消费数据长度:0
2019-01-03 18:27:33.072 [pool-1-thread-23] INFO  com.metadata.yg.consumer.FileConsumer - pool-1-thread-23，消费完成，耗费时间:7 ms,消费数据长度:0
2019-01-03 18:27:33.072 [pool-1-thread-35] INFO  com.metadata.yg.consumer.FileConsumer - pool-1-thread-35，消费完成，耗费时间:6 ms,消费数据长度:0
2019-01-03 18:27:33.072 [pool-1-thread-31] INFO  com.metadata.yg.consumer.FileConsumer - pool-1-thread-31，消费完成，耗费时间:6 ms,消费数据长度:0
2019-01-03 18:27:33.072 [pool-1-thread-28] INFO  com.metadata.yg.consumer.FileConsumer - pool-1-thread-28，消费完成，耗费时间:6 ms,消费数据长度:0
2019-01-03 18:27:33.073 [pool-1-thread-38] INFO  com.metadata.yg.consumer.FileConsumer - pool-1-thread-38，消费完成，耗费时间:7 ms,消费数据长度:0
2019-01-03 18:27:33.073 [pool-1-thread-27] INFO  com.metadata.yg.consumer.FileConsumer - pool-1-thread-27，消费完成，耗费时间:6 ms,消费数据长度:0
2019-01-03 18:27:33.073 [pool-1-thread-26] INFO  com.metadata.yg.consumer.FileConsumer - pool-1-thread-26，消费完成，耗费时间:6 ms,消费数据长度:0
2019-01-03 18:27:33.073 [pool-1-thread-40] INFO  com.metadata.yg.consumer.FileConsumer - pool-1-thread-40，消费完成，耗费时间:6 ms,消费数据长度:0
2019-01-03 18:27:33.074 [pool-1-thread-25] INFO  com.metadata.yg.consumer.FileConsumer - pool-1-thread-25，消费完成，耗费时间:7 ms,消费数据长度:0
2019-01-03 18:27:33.074 [pool-1-thread-33] INFO  com.metadata.yg.consumer.FileConsumer - pool-1-thread-33，消费完成，耗费时间:6 ms,消费数据长度:0
2019-01-03 18:27:33.074 [pool-1-thread-30] INFO  com.metadata.yg.consumer.FileConsumer - pool-1-thread-30，消费完成，耗费时间:6 ms,消费数据长度:0
2019-01-03 18:27:33.074 [pool-1-thread-34] INFO  com.metadata.yg.consumer.FileConsumer - pool-1-thread-34，消费完成，耗费时间:6 ms,消费数据长度:0
2019-01-03 18:27:33.074 [pool-1-thread-37] INFO  com.metadata.yg.consumer.FileConsumer - pool-1-thread-37，消费完成，耗费时间:5 ms,消费数据长度:0
2019-01-03 18:27:33.075 [pool-1-thread-29] INFO  com.metadata.yg.consumer.FileConsumer - pool-1-thread-29，消费完成，耗费时间:5 ms,消费数据长度:0
2019-01-03 18:27:33.075 [pool-1-thread-22] INFO  com.metadata.yg.consumer.FileConsumer - pool-1-thread-22，消费完成，耗费时间:6 ms,消费数据长度:0
2019-01-03 18:27:33.075 [pool-1-thread-21] INFO  com.metadata.yg.consumer.FileConsumer - pool-1-thread-21，消费完成，耗费时间:6 ms,消费数据长度:0
2019-01-03 18:27:33.075 [pool-1-thread-24] INFO  com.metadata.yg.consumer.FileConsumer - pool-1-thread-24，消费完成，耗费时间:6 ms,消费数据长度:0
2019-01-03 18:27:33.075 [pool-1-thread-32] INFO  com.metadata.yg.consumer.FileConsumer - pool-1-thread-32，消费完成，耗费时间:5 ms,消费数据长度:0
2019-01-03 18:27:33.076 [pool-1-thread-39] INFO  com.metadata.yg.consumer.FileConsumer - pool-1-thread-39，消费完成，耗费时间:6 ms,消费数据长度:0
2019-01-03 18:27:33.076 [pool-1-thread-36] INFO  com.metadata.yg.consumer.FileConsumer - pool-1-thread-36，消费完成，耗费时间:4 ms,消费数据长度:0
2019-01-03 18:27:33.076 [pool-1-thread-35] INFO  com.metadata.yg.consumer.FileConsumer - pool-1-thread-35，消费完成，耗费时间:4 ms,消费数据长度:0
2019-01-03 18:27:33.076 [pool-1-thread-23] INFO  com.metadata.yg.consumer.FileConsumer - pool-1-thread-23，消费完成，耗费时间:4 ms,消费数据长度:0
2019-01-03 18:27:33.077 [pool-1-thread-31] INFO  com.metadata.yg.consumer.FileConsumer - pool-1-thread-31，消费完成，耗费时间:4 ms,消费数据长度:0
2019-01-03 18:27:33.077 [pool-1-thread-28] INFO  com.metadata.yg.consumer.FileConsumer - pool-1-thread-28，消费完成，耗费时间:5 ms,消费数据长度:0
2019-01-03 18:27:33.077 [pool-1-thread-38] INFO  com.metadata.yg.consumer.FileConsumer - pool-1-thread-38，消费完成，耗费时间:4 ms,消费数据长度:0
2019-01-03 18:27:33.078 [pool-1-thread-26] INFO  com.metadata.yg.consumer.FileConsumer - pool-1-thread-26，消费完成，耗费时间:5 ms,消费数据长度:0
2019-01-03 18:27:33.078 [pool-1-thread-27] INFO  com.metadata.yg.consumer.FileConsumer - pool-1-thread-27，消费完成，耗费时间:5 ms,消费数据长度:0
2019-01-03 18:27:33.078 [pool-1-thread-40] INFO  com.metadata.yg.consumer.FileConsumer - pool-1-thread-40，消费完成，耗费时间:5 ms,消费数据长度:0
2019-01-03 18:27:33.079 [pool-1-thread-25] INFO  com.metadata.yg.consumer.FileConsumer - pool-1-thread-25，消费完成，耗费时间:5 ms,消费数据长度:0
2019-01-03 18:27:33.079 [pool-1-thread-33] INFO  com.metadata.yg.consumer.FileConsumer - pool-1-thread-33，消费完成，耗费时间:5 ms,消费数据长度:0
2019-01-03 18:27:33.079 [pool-1-thread-30] INFO  com.metadata.yg.consumer.FileConsumer - pool-1-thread-30，消费完成，耗费时间:5 ms,消费数据长度:0
2019-01-03 18:27:33.079 [pool-1-thread-34] INFO  com.metadata.yg.consumer.FileConsumer - pool-1-thread-34，消费完成，耗费时间:5 ms,消费数据长度:0
2019-01-03 18:27:33.080 [pool-1-thread-37] INFO  com.metadata.yg.consumer.FileConsumer - pool-1-thread-37，消费完成，耗费时间:6 ms,消费数据长度:0
2019-01-03 18:27:33.080 [pool-1-thread-29] INFO  com.metadata.yg.consumer.FileConsumer - pool-1-thread-29，消费完成，耗费时间:5 ms,消费数据长度:0
2019-01-03 18:27:33.081 [pool-1-thread-22] INFO  com.metadata.yg.consumer.FileConsumer - pool-1-thread-22，消费完成，耗费时间:6 ms,消费数据长度:0
2019-01-03 18:27:33.081 [pool-1-thread-21] INFO  com.metadata.yg.consumer.FileConsumer - pool-1-thread-21，消费完成，耗费时间:6 ms,消费数据长度:0
2019-01-03 18:27:33.081 [pool-1-thread-24] INFO  com.metadata.yg.consumer.FileConsumer - pool-1-thread-24，消费完成，耗费时间:6 ms,消费数据长度:0
2019-01-03 18:27:33.081 [pool-1-thread-32] INFO  com.metadata.yg.consumer.FileConsumer - pool-1-thread-32，消费完成，耗费时间:6 ms,消费数据长度:0
2019-01-03 18:27:33.082 [pool-1-thread-39] INFO  com.metadata.yg.consumer.FileConsumer - pool-1-thread-39，消费完成，耗费时间:6 ms,消费数据长度:0
2019-01-03 18:27:33.082 [pool-1-thread-36] INFO  com.metadata.yg.consumer.FileConsumer - pool-1-thread-36，消费完成，耗费时间:6 ms,消费数据长度:0
2019-01-03 18:27:33.082 [pool-1-thread-35] INFO  com.metadata.yg.consumer.FileConsumer - pool-1-thread-35，消费完成，耗费时间:6 ms,消费数据长度:0
2019-01-03 18:27:33.082 [pool-1-thread-23] INFO  com.metadata.yg.consumer.FileConsumer - pool-1-thread-23，消费完成，耗费时间:6 ms,消费数据长度:0
2019-01-03 18:27:33.082 [pool-1-thread-31] INFO  com.metadata.yg.consumer.FileConsumer - pool-1-thread-31，消费完成，耗费时间:5 ms,消费数据长度:0
2019-01-03 18:27:33.082 [pool-1-thread-28] INFO  com.metadata.yg.consumer.FileConsumer - pool-1-thread-28，消费完成，耗费时间:5 ms,消费数据长度:0
2019-01-03 18:27:33.082 [pool-1-thread-38] INFO  com.metadata.yg.consumer.FileConsumer - pool-1-thread-38，消费完成，耗费时间:5 ms,消费数据长度:0
2019-01-03 18:27:33.083 [pool-1-thread-26] INFO  com.metadata.yg.consumer.FileConsumer - pool-1-thread-26，消费完成，耗费时间:5 ms,消费数据长度:0
2019-01-03 18:27:33.083 [pool-1-thread-27] INFO  com.metadata.yg.consumer.FileConsumer - pool-1-thread-27，消费完成，耗费时间:5 ms,消费数据长度:0
2019-01-03 18:27:33.083 [pool-1-thread-40] INFO  com.metadata.yg.consumer.FileConsumer - pool-1-thread-40，消费完成，耗费时间:5 ms,消费数据长度:0
2019-01-03 18:27:33.084 [pool-1-thread-33] INFO  com.metadata.yg.consumer.FileConsumer - pool-1-thread-33，消费完成，耗费时间:5 ms,消费数据长度:0
2019-01-03 18:27:33.084 [pool-1-thread-25] INFO  com.metadata.yg.consumer.FileConsumer - pool-1-thread-25，消费完成，耗费时间:5 ms,消费数据长度:0
2019-01-03 18:27:33.084 [pool-1-thread-30] INFO  com.metadata.yg.consumer.FileConsumer - pool-1-thread-30，消费完成，耗费时间:5 ms,消费数据长度:0
2019-01-03 18:27:33.085 [pool-1-thread-34] INFO  com.metadata.yg.consumer.FileConsumer - pool-1-thread-34，消费完成，耗费时间:6 ms,消费数据长度:0
2019-01-03 18:27:33.085 [pool-1-thread-37] INFO  com.metadata.yg.consumer.FileConsumer - pool-1-thread-37，消费完成，耗费时间:5 ms,消费数据长度:0
2019-01-03 18:27:33.085 [pool-1-thread-29] INFO  com.metadata.yg.consumer.FileConsumer - pool-1-thread-29，消费完成，耗费时间:5 ms,消费数据长度:0
2019-01-03 18:27:33.086 [pool-1-thread-22] INFO  com.metadata.yg.consumer.FileConsumer - pool-1-thread-22，消费完成，耗费时间:5 ms,消费数据长度:0
2019-01-03 18:27:33.086 [pool-1-thread-21] INFO  com.metadata.yg.consumer.FileConsumer - pool-1-thread-21，消费完成，耗费时间:5 ms,消费数据长度:0
2019-01-03 18:27:33.087 [pool-1-thread-24] INFO  com.metadata.yg.consumer.FileConsumer - pool-1-thread-24，消费完成，耗费时间:6 ms,消费数据长度:0
2019-01-03 18:27:33.087 [pool-1-thread-32] INFO  com.metadata.yg.consumer.FileConsumer - pool-1-thread-32，消费完成，耗费时间:6 ms,消费数据长度:0
2019-01-03 18:27:33.088 [pool-1-thread-39] INFO  com.metadata.yg.consumer.FileConsumer - pool-1-thread-39，消费完成，耗费时间:6 ms,消费数据长度:0
2019-01-03 18:27:33.088 [pool-1-thread-36] INFO  com.metadata.yg.consumer.FileConsumer - pool-1-thread-36，消费完成，耗费时间:6 ms,消费数据长度:0
2019-01-03 18:27:33.088 [pool-1-thread-35] INFO  com.metadata.yg.consumer.FileConsumer - pool-1-thread-35，消费完成，耗费时间:6 ms,消费数据长度:0
2019-01-03 18:27:33.089 [pool-1-thread-31] INFO  com.metadata.yg.consumer.FileConsumer - pool-1-thread-31，消费完成，耗费时间:7 ms,消费数据长度:0
2019-01-03 18:27:33.089 [pool-1-thread-28] INFO  com.metadata.yg.consumer.FileConsumer - pool-1-thread-28，消费完成，耗费时间:7 ms,消费数据长度:0
2019-01-03 18:27:33.089 [pool-1-thread-26] INFO  com.metadata.yg.consumer.FileConsumer - pool-1-thread-26，消费完成，耗费时间:6 ms,消费数据长度:0
2019-01-03 18:27:33.090 [pool-1-thread-38] INFO  com.metadata.yg.consumer.FileConsumer - pool-1-thread-38，消费完成，耗费时间:8 ms,消费数据长度:0
2019-01-03 18:27:33.090 [pool-1-thread-27] INFO  com.metadata.yg.consumer.FileConsumer - pool-1-thread-27，消费完成，耗费时间:7 ms,消费数据长度:0
2019-01-03 18:27:33.090 [pool-1-thread-40] INFO  com.metadata.yg.consumer.FileConsumer - pool-1-thread-40，消费完成，耗费时间:7 ms,消费数据长度:0
2019-01-03 18:27:33.090 [pool-1-thread-23] INFO  com.metadata.yg.consumer.FileConsumer - pool-1-thread-23，消费完成，耗费时间:8 ms,消费数据长度:0
2019-01-03 18:27:33.090 [pool-1-thread-33] INFO  com.metadata.yg.consumer.FileConsumer - pool-1-thread-33，消费完成，耗费时间:6 ms,消费数据长度:0
2019-01-03 18:27:33.090 [pool-1-thread-25] INFO  com.metadata.yg.consumer.FileConsumer - pool-1-thread-25，消费完成，耗费时间:6 ms,消费数据长度:0
2019-01-03 18:27:33.091 [pool-1-thread-30] INFO  com.metadata.yg.consumer.FileConsumer - pool-1-thread-30，消费完成，耗费时间:7 ms,消费数据长度:0
2019-01-03 18:27:33.091 [pool-1-thread-34] INFO  com.metadata.yg.consumer.FileConsumer - pool-1-thread-34，消费完成，耗费时间:6 ms,消费数据长度:0
2019-01-03 18:27:33.091 [pool-1-thread-37] INFO  com.metadata.yg.consumer.FileConsumer - pool-1-thread-37，消费完成，耗费时间:6 ms,消费数据长度:0
2019-01-03 18:27:33.091 [pool-1-thread-29] INFO  com.metadata.yg.consumer.FileConsumer - pool-1-thread-29，消费完成，耗费时间:6 ms,消费数据长度:0
2019-01-03 18:27:33.091 [pool-1-thread-22] INFO  com.metadata.yg.consumer.FileConsumer - pool-1-thread-22，消费完成，耗费时间:5 ms,消费数据长度:0
2019-01-03 18:27:33.091 [pool-1-thread-21] INFO  com.metadata.yg.consumer.FileConsumer - pool-1-thread-21，消费完成，耗费时间:5 ms,消费数据长度:0
2019-01-03 18:27:33.091 [pool-1-thread-24] INFO  com.metadata.yg.consumer.FileConsumer - pool-1-thread-24，消费完成，耗费时间:4 ms,消费数据长度:0
2019-01-03 18:27:33.092 [pool-1-thread-32] INFO  com.metadata.yg.consumer.FileConsumer - pool-1-thread-32，消费完成，耗费时间:5 ms,消费数据长度:0
2019-01-03 18:27:33.092 [pool-1-thread-39] INFO  com.metadata.yg.consumer.FileConsumer - pool-1-thread-39，消费完成，耗费时间:4 ms,消费数据长度:0
2019-01-03 18:27:33.092 [pool-1-thread-36] INFO  com.metadata.yg.consumer.FileConsumer - pool-1-thread-36，消费完成，耗费时间:4 ms,消费数据长度:0
2019-01-03 18:27:33.092 [pool-1-thread-35] INFO  com.metadata.yg.consumer.FileConsumer - pool-1-thread-35，消费完成，耗费时间:4 ms,消费数据长度:0
2019-01-03 18:27:33.092 [pool-1-thread-31] INFO  com.metadata.yg.consumer.FileConsumer - pool-1-thread-31，消费完成，耗费时间:3 ms,消费数据长度:0
2019-01-03 18:27:33.092 [pool-1-thread-28] INFO  com.metadata.yg.consumer.FileConsumer - pool-1-thread-28，消费完成，耗费时间:3 ms,消费数据长度:0
2019-01-03 18:27:33.092 [pool-1-thread-26] INFO  com.metadata.yg.consumer.FileConsumer - pool-1-thread-26，消费完成，耗费时间:3 ms,消费数据长度:0
2019-01-03 18:27:33.093 [pool-1-thread-38] INFO  com.metadata.yg.consumer.FileConsumer - pool-1-thread-38，消费完成，耗费时间:3 ms,消费数据长度:0
2019-01-03 18:27:33.093 [pool-1-thread-27] INFO  com.metadata.yg.consumer.FileConsumer - pool-1-thread-27，消费完成，耗费时间:3 ms,消费数据长度:0
2019-01-03 18:27:33.093 [pool-1-thread-40] INFO  com.metadata.yg.consumer.FileConsumer - pool-1-thread-40，消费完成，耗费时间:3 ms,消费数据长度:0
2019-01-03 18:27:33.093 [pool-1-thread-23] INFO  com.metadata.yg.consumer.FileConsumer - pool-1-thread-23，消费完成，耗费时间:3 ms,消费数据长度:0
2019-01-03 18:27:33.093 [pool-1-thread-33] INFO  com.metadata.yg.consumer.FileConsumer - pool-1-thread-33，消费完成，耗费时间:3 ms,消费数据长度:0
2019-01-03 18:27:33.094 [pool-1-thread-25] INFO  com.metadata.yg.consumer.FileConsumer - pool-1-thread-25，消费完成，耗费时间:3 ms,消费数据长度:0
2019-01-03 18:27:33.094 [pool-1-thread-30] INFO  com.metadata.yg.consumer.FileConsumer - pool-1-thread-30，消费完成，耗费时间:3 ms,消费数据长度:0
2019-01-03 18:27:33.095 [pool-1-thread-34] INFO  com.metadata.yg.consumer.FileConsumer - pool-1-thread-34，消费完成，耗费时间:4 ms,消费数据长度:0
2019-01-03 18:27:33.095 [pool-1-thread-37] INFO  com.metadata.yg.consumer.FileConsumer - pool-1-thread-37，消费完成，耗费时间:4 ms,消费数据长度:0
2019-01-03 18:27:33.095 [pool-1-thread-29] INFO  com.metadata.yg.consumer.FileConsumer - pool-1-thread-29，消费完成，耗费时间:4 ms,消费数据长度:0
2019-01-03 18:27:33.095 [pool-1-thread-22] INFO  com.metadata.yg.consumer.FileConsumer - pool-1-thread-22，消费完成，耗费时间:4 ms,消费数据长度:0
2019-01-03 18:27:33.095 [pool-1-thread-21] INFO  com.metadata.yg.consumer.FileConsumer - pool-1-thread-21，消费完成，耗费时间:4 ms,消费数据长度:0
2019-01-03 18:27:33.095 [pool-1-thread-24] INFO  com.metadata.yg.consumer.FileConsumer - pool-1-thread-24，消费完成，耗费时间:4 ms,消费数据长度:0
2019-01-03 18:27:33.096 [pool-1-thread-32] INFO  com.metadata.yg.consumer.FileConsumer - pool-1-thread-32，消费完成，耗费时间:4 ms,消费数据长度:0
2019-01-03 18:27:33.096 [pool-1-thread-39] INFO  com.metadata.yg.consumer.FileConsumer - pool-1-thread-39，消费完成，耗费时间:4 ms,消费数据长度:0
2019-01-03 18:27:33.096 [pool-1-thread-36] INFO  com.metadata.yg.consumer.FileConsumer - pool-1-thread-36，消费完成，耗费时间:4 ms,消费数据长度:0
2019-01-03 18:27:33.096 [pool-1-thread-35] INFO  com.metadata.yg.consumer.FileConsumer - pool-1-thread-35，消费完成，耗费时间:4 ms,消费数据长度:0
2019-01-03 18:27:33.097 [pool-1-thread-31] INFO  com.metadata.yg.consumer.FileConsumer - pool-1-thread-31，消费完成，耗费时间:5 ms,消费数据长度:0
2019-01-03 18:27:33.097 [pool-1-thread-28] INFO  com.metadata.yg.consumer.FileConsumer - pool-1-thread-28，消费完成，耗费时间:5 ms,消费数据长度:0
2019-01-03 18:27:33.097 [pool-1-thread-26] INFO  com.metadata.yg.consumer.FileConsumer - pool-1-thread-26，消费完成，耗费时间:5 ms,消费数据长度:0
2019-01-03 18:27:33.097 [pool-1-thread-38] INFO  com.metadata.yg.consumer.FileConsumer - pool-1-thread-38，消费完成，耗费时间:4 ms,消费数据长度:0
2019-01-03 18:27:33.097 [pool-1-thread-27] INFO  com.metadata.yg.consumer.FileConsumer - pool-1-thread-27，消费完成，耗费时间:4 ms,消费数据长度:0
2019-01-03 18:27:33.098 [pool-1-thread-40] INFO  com.metadata.yg.consumer.FileConsumer - pool-1-thread-40，消费完成，耗费时间:5 ms,消费数据长度:0
2019-01-03 18:27:33.098 [pool-1-thread-23] INFO  com.metadata.yg.consumer.FileConsumer - pool-1-thread-23，消费完成，耗费时间:5 ms,消费数据长度:0
2019-01-03 18:27:33.098 [pool-1-thread-33] INFO  com.metadata.yg.consumer.FileConsumer - pool-1-thread-33，消费完成，耗费时间:5 ms,消费数据长度:0
2019-01-03 18:27:33.098 [pool-1-thread-25] INFO  com.metadata.yg.consumer.FileConsumer - pool-1-thread-25，消费完成，耗费时间:4 ms,消费数据长度:0
2019-01-03 18:27:33.099 [pool-1-thread-30] INFO  com.metadata.yg.consumer.FileConsumer - pool-1-thread-30，消费完成，耗费时间:5 ms,消费数据长度:0
2019-01-03 18:27:33.099 [pool-1-thread-34] INFO  com.metadata.yg.consumer.FileConsumer - pool-1-thread-34，消费完成，耗费时间:4 ms,消费数据长度:0
2019-01-03 18:27:33.099 [pool-1-thread-37] INFO  com.metadata.yg.consumer.FileConsumer - pool-1-thread-37，消费完成，耗费时间:4 ms,消费数据长度:0
2019-01-03 18:27:33.100 [pool-1-thread-29] INFO  com.metadata.yg.consumer.FileConsumer - pool-1-thread-29，消费完成，耗费时间:5 ms,消费数据长度:0
2019-01-03 18:27:33.100 [pool-1-thread-22] INFO  com.metadata.yg.consumer.FileConsumer - pool-1-thread-22，消费完成，耗费时间:5 ms,消费数据长度:0
2019-01-03 18:27:33.100 [pool-1-thread-21] INFO  com.metadata.yg.consumer.FileConsumer - pool-1-thread-21，消费完成，耗费时间:5 ms,消费数据长度:0
2019-01-03 18:27:33.101 [pool-1-thread-24] INFO  com.metadata.yg.consumer.FileConsumer - pool-1-thread-24，消费完成，耗费时间:5 ms,消费数据长度:0
2019-01-03 18:27:33.101 [pool-1-thread-32] INFO  com.metadata.yg.consumer.FileConsumer - pool-1-thread-32，消费完成，耗费时间:5 ms,消费数据长度:0
2019-01-03 18:27:33.101 [pool-1-thread-39] INFO  com.metadata.yg.consumer.FileConsumer - pool-1-thread-39，消费完成，耗费时间:5 ms,消费数据长度:0
2019-01-03 18:27:33.102 [pool-1-thread-36] INFO  com.metadata.yg.consumer.FileConsumer - pool-1-thread-36，消费完成，耗费时间:6 ms,消费数据长度:0
2019-01-03 18:27:33.102 [pool-1-thread-35] INFO  com.metadata.yg.consumer.FileConsumer - pool-1-thread-35，消费完成，耗费时间:6 ms,消费数据长度:0
2019-01-03 18:27:33.102 [pool-1-thread-31] INFO  com.metadata.yg.consumer.FileConsumer - pool-1-thread-31，消费完成，耗费时间:5 ms,消费数据长度:0
2019-01-03 18:27:33.102 [pool-1-thread-28] INFO  com.metadata.yg.consumer.FileConsumer - pool-1-thread-28，消费完成，耗费时间:5 ms,消费数据长度:0
2019-01-03 18:27:33.103 [pool-1-thread-26] INFO  com.metadata.yg.consumer.FileConsumer - pool-1-thread-26，消费完成，耗费时间:6 ms,消费数据长度:0
2019-01-03 18:27:33.103 [pool-1-thread-38] INFO  com.metadata.yg.consumer.FileConsumer - pool-1-thread-38，消费完成，耗费时间:6 ms,消费数据长度:0
2019-01-03 18:27:33.103 [pool-1-thread-27] INFO  com.metadata.yg.consumer.FileConsumer - pool-1-thread-27，消费完成，耗费时间:5 ms,消费数据长度:0
2019-01-03 18:27:33.103 [pool-1-thread-40] INFO  com.metadata.yg.consumer.FileConsumer - pool-1-thread-40，消费完成，耗费时间:5 ms,消费数据长度:0
2019-01-03 18:27:33.104 [pool-1-thread-23] INFO  com.metadata.yg.consumer.FileConsumer - pool-1-thread-23，消费完成，耗费时间:6 ms,消费数据长度:0
2019-01-03 18:27:33.104 [pool-1-thread-33] INFO  com.metadata.yg.consumer.FileConsumer - pool-1-thread-33，消费完成，耗费时间:6 ms,消费数据长度:0
2019-01-03 18:27:33.104 [pool-1-thread-25] INFO  com.metadata.yg.consumer.FileConsumer - pool-1-thread-25，消费完成，耗费时间:6 ms,消费数据长度:0
2019-01-03 18:27:33.104 [pool-1-thread-34] INFO  com.metadata.yg.consumer.FileConsumer - pool-1-thread-34，消费完成，耗费时间:5 ms,消费数据长度:0
2019-01-03 18:27:33.104 [pool-1-thread-30] INFO  com.metadata.yg.consumer.FileConsumer - pool-1-thread-30，消费完成，耗费时间:5 ms,消费数据长度:0
2019-01-03 18:27:33.105 [pool-1-thread-37] INFO  com.metadata.yg.consumer.FileConsumer - pool-1-thread-37，消费完成，耗费时间:6 ms,消费数据长度:0
2019-01-03 18:27:33.105 [pool-1-thread-29] INFO  com.metadata.yg.consumer.FileConsumer - pool-1-thread-29，消费完成，耗费时间:5 ms,消费数据长度:0
2019-01-03 18:27:33.105 [pool-1-thread-22] INFO  com.metadata.yg.consumer.FileConsumer - pool-1-thread-22，消费完成，耗费时间:5 ms,消费数据长度:0
2019-01-03 18:27:33.105 [pool-1-thread-21] INFO  com.metadata.yg.consumer.FileConsumer - pool-1-thread-21，消费完成，耗费时间:5 ms,消费数据长度:0
2019-01-03 18:27:33.105 [pool-1-thread-24] INFO  com.metadata.yg.consumer.FileConsumer - pool-1-thread-24，消费完成，耗费时间:4 ms,消费数据长度:0
2019-01-03 18:27:33.105 [pool-1-thread-32] INFO  com.metadata.yg.consumer.FileConsumer - pool-1-thread-32，消费完成，耗费时间:4 ms,消费数据长度:0
2019-01-03 18:27:33.106 [pool-1-thread-39] INFO  com.metadata.yg.consumer.FileConsumer - pool-1-thread-39，消费完成，耗费时间:5 ms,消费数据长度:0
2019-01-03 18:27:33.106 [pool-1-thread-36] INFO  com.metadata.yg.consumer.FileConsumer - pool-1-thread-36，消费完成，耗费时间:4 ms,消费数据长度:0
2019-01-03 18:27:33.106 [pool-1-thread-35] INFO  com.metadata.yg.consumer.FileConsumer - pool-1-thread-35，消费完成，耗费时间:4 ms,消费数据长度:0
2019-01-03 18:27:33.106 [pool-1-thread-31] INFO  com.metadata.yg.consumer.FileConsumer - pool-1-thread-31，消费完成，耗费时间:4 ms,消费数据长度:0
2019-01-03 18:27:33.107 [pool-1-thread-26] INFO  com.metadata.yg.consumer.FileConsumer - pool-1-thread-26，消费完成，耗费时间:4 ms,消费数据长度:0
2019-01-03 18:27:33.107 [pool-1-thread-28] INFO  com.metadata.yg.consumer.FileConsumer - pool-1-thread-28，消费完成，耗费时间:4 ms,消费数据长度:0
2019-01-03 18:27:33.107 [pool-1-thread-38] INFO  com.metadata.yg.consumer.FileConsumer - pool-1-thread-38，消费完成，耗费时间:4 ms,消费数据长度:0
2019-01-03 18:27:33.107 [pool-1-thread-27] INFO  com.metadata.yg.consumer.FileConsumer - pool-1-thread-27，消费完成，耗费时间:4 ms,消费数据长度:0
2019-01-03 18:27:33.108 [pool-1-thread-40] INFO  com.metadata.yg.consumer.FileConsumer - pool-1-thread-40，消费完成，耗费时间:5 ms,消费数据长度:0
2019-01-03 18:27:33.108 [pool-1-thread-23] INFO  com.metadata.yg.consumer.FileConsumer - pool-1-thread-23，消费完成，耗费时间:4 ms,消费数据长度:0
2019-01-03 18:27:33.108 [pool-1-thread-25] INFO  com.metadata.yg.consumer.FileConsumer - pool-1-thread-25，消费完成，耗费时间:4 ms,消费数据长度:0
2019-01-03 18:27:33.108 [pool-1-thread-34] INFO  com.metadata.yg.consumer.FileConsumer - pool-1-thread-34，消费完成，耗费时间:4 ms,消费数据长度:0
2019-01-03 18:27:33.109 [pool-1-thread-30] INFO  com.metadata.yg.consumer.FileConsumer - pool-1-thread-30，消费完成，耗费时间:5 ms,消费数据长度:0
2019-01-03 18:27:33.109 [pool-1-thread-37] INFO  com.metadata.yg.consumer.FileConsumer - pool-1-thread-37，消费完成，耗费时间:4 ms,消费数据长度:0
2019-01-03 18:27:33.109 [pool-1-thread-29] INFO  com.metadata.yg.consumer.FileConsumer - pool-1-thread-29，消费完成，耗费时间:4 ms,消费数据长度:0
2019-01-03 18:27:33.109 [pool-1-thread-22] INFO  com.metadata.yg.consumer.FileConsumer - pool-1-thread-22，消费完成，耗费时间:4 ms,消费数据长度:0
2019-01-03 18:27:33.109 [pool-1-thread-21] INFO  com.metadata.yg.consumer.FileConsumer - pool-1-thread-21，消费完成，耗费时间:4 ms,消费数据长度:0
2019-01-03 18:27:33.109 [pool-1-thread-24] INFO  com.metadata.yg.consumer.FileConsumer - pool-1-thread-24，消费完成，耗费时间:4 ms,消费数据长度:0
2019-01-03 18:27:33.110 [pool-1-thread-32] INFO  com.metadata.yg.consumer.FileConsumer - pool-1-thread-32，消费完成，耗费时间:5 ms,消费数据长度:0
2019-01-03 18:27:33.110 [pool-1-thread-39] INFO  com.metadata.yg.consumer.FileConsumer - pool-1-thread-39，消费完成，耗费时间:4 ms,消费数据长度:0
2019-01-03 18:27:33.110 [pool-1-thread-36] INFO  com.metadata.yg.consumer.FileConsumer - pool-1-thread-36，消费完成，耗费时间:4 ms,消费数据长度:0
2019-01-03 18:27:33.110 [pool-1-thread-35] INFO  com.metadata.yg.consumer.FileConsumer - pool-1-thread-35，消费完成，耗费时间:4 ms,消费数据长度:0
2019-01-03 18:27:33.111 [pool-1-thread-31] INFO  com.metadata.yg.consumer.FileConsumer - pool-1-thread-31，消费完成，耗费时间:4 ms,消费数据长度:0
2019-01-03 18:27:33.111 [pool-1-thread-26] INFO  com.metadata.yg.consumer.FileConsumer - pool-1-thread-26，消费完成，耗费时间:4 ms,消费数据长度:0
2019-01-03 18:27:33.112 [pool-1-thread-28] INFO  com.metadata.yg.consumer.FileConsumer - pool-1-thread-28，消费完成，耗费时间:5 ms,消费数据长度:0
2019-01-03 18:27:33.112 [pool-1-thread-38] INFO  com.metadata.yg.consumer.FileConsumer - pool-1-thread-38，消费完成，耗费时间:5 ms,消费数据长度:0
2019-01-03 18:27:33.112 [pool-1-thread-27] INFO  com.metadata.yg.consumer.FileConsumer - pool-1-thread-27，消费完成，耗费时间:5 ms,消费数据长度:0
2019-01-03 18:27:33.112 [pool-1-thread-40] INFO  com.metadata.yg.consumer.FileConsumer - pool-1-thread-40，消费完成，耗费时间:4 ms,消费数据长度:0
2019-01-03 18:27:33.113 [pool-1-thread-23] INFO  com.metadata.yg.consumer.FileConsumer - pool-1-thread-23，消费完成，耗费时间:5 ms,消费数据长度:0
2019-01-03 18:27:33.113 [pool-1-thread-25] INFO  com.metadata.yg.consumer.FileConsumer - pool-1-thread-25，消费完成，耗费时间:5 ms,消费数据长度:0
2019-01-03 18:27:33.113 [pool-1-thread-34] INFO  com.metadata.yg.consumer.FileConsumer - pool-1-thread-34，消费完成，耗费时间:5 ms,消费数据长度:0
2019-01-03 18:27:33.113 [pool-1-thread-30] INFO  com.metadata.yg.consumer.FileConsumer - pool-1-thread-30，消费完成，耗费时间:4 ms,消费数据长度:0
2019-01-03 18:27:33.113 [pool-1-thread-37] INFO  com.metadata.yg.consumer.FileConsumer - pool-1-thread-37，消费完成，耗费时间:4 ms,消费数据长度:0
2019-01-03 18:27:33.113 [pool-1-thread-29] INFO  com.metadata.yg.consumer.FileConsumer - pool-1-thread-29，消费完成，耗费时间:4 ms,消费数据长度:0
2019-01-03 18:27:33.114 [pool-1-thread-22] INFO  com.metadata.yg.consumer.FileConsumer - pool-1-thread-22，消费完成，耗费时间:5 ms,消费数据长度:0
2019-01-03 18:27:33.114 [pool-1-thread-21] INFO  com.metadata.yg.consumer.FileConsumer - pool-1-thread-21，消费完成，耗费时间:5 ms,消费数据长度:0
2019-01-03 18:27:33.114 [pool-1-thread-24] INFO  com.metadata.yg.consumer.FileConsumer - pool-1-thread-24，消费完成，耗费时间:5 ms,消费数据长度:0
2019-01-03 18:27:33.115 [pool-1-thread-39] INFO  com.metadata.yg.consumer.FileConsumer - pool-1-thread-39，消费完成，耗费时间:5 ms,消费数据长度:0
2019-01-03 18:27:33.115 [pool-1-thread-32] INFO  com.metadata.yg.consumer.FileConsumer - pool-1-thread-32，消费完成，耗费时间:5 ms,消费数据长度:0
2019-01-03 18:27:33.115 [pool-1-thread-36] INFO  com.metadata.yg.consumer.FileConsumer - pool-1-thread-36，消费完成，耗费时间:5 ms,消费数据长度:0
2019-01-03 18:27:33.116 [pool-1-thread-35] INFO  com.metadata.yg.consumer.FileConsumer - pool-1-thread-35，消费完成，耗费时间:6 ms,消费数据长度:0
2019-01-03 18:27:33.116 [pool-1-thread-31] INFO  com.metadata.yg.consumer.FileConsumer - pool-1-thread-31，消费完成，耗费时间:5 ms,消费数据长度:0
2019-01-03 18:27:33.117 [pool-1-thread-26] INFO  com.metadata.yg.consumer.FileConsumer - pool-1-thread-26，消费完成，耗费时间:6 ms,消费数据长度:0
2019-01-03 18:27:33.117 [pool-1-thread-28] INFO  com.metadata.yg.consumer.FileConsumer - pool-1-thread-28，消费完成，耗费时间:5 ms,消费数据长度:0
2019-01-03 18:27:33.117 [pool-1-thread-38] INFO  com.metadata.yg.consumer.FileConsumer - pool-1-thread-38，消费完成，耗费时间:5 ms,消费数据长度:0
2019-01-03 18:27:33.117 [pool-1-thread-27] INFO  com.metadata.yg.consumer.FileConsumer - pool-1-thread-27，消费完成，耗费时间:5 ms,消费数据长度:0
2019-01-03 18:27:33.118 [pool-1-thread-40] INFO  com.metadata.yg.consumer.FileConsumer - pool-1-thread-40，消费完成，耗费时间:5 ms,消费数据长度:0
2019-01-03 18:27:33.118 [pool-1-thread-23] INFO  com.metadata.yg.consumer.FileConsumer - pool-1-thread-23，消费完成，耗费时间:5 ms,消费数据长度:0
2019-01-03 18:27:33.118 [pool-1-thread-25] INFO  com.metadata.yg.consumer.FileConsumer - pool-1-thread-25，消费完成，耗费时间:5 ms,消费数据长度:0
2019-01-03 18:27:33.118 [pool-1-thread-34] INFO  com.metadata.yg.consumer.FileConsumer - pool-1-thread-34，消费完成，耗费时间:5 ms,消费数据长度:0
2019-01-03 18:27:33.119 [pool-1-thread-30] INFO  com.metadata.yg.consumer.FileConsumer - pool-1-thread-30，消费完成，耗费时间:6 ms,消费数据长度:0
2019-01-03 18:27:33.119 [pool-1-thread-37] INFO  com.metadata.yg.consumer.FileConsumer - pool-1-thread-37，消费完成，耗费时间:6 ms,消费数据长度:0
2019-01-03 18:27:33.119 [pool-1-thread-29] INFO  com.metadata.yg.consumer.FileConsumer - pool-1-thread-29，消费完成，耗费时间:6 ms,消费数据长度:0
2019-01-03 18:27:33.122 [pool-1-thread-22] INFO  com.metadata.yg.consumer.FileConsumer - pool-1-thread-22，消费完成，耗费时间:8 ms,消费数据长度:0
2019-01-03 18:27:33.123 [pool-1-thread-21] INFO  com.metadata.yg.consumer.FileConsumer - pool-1-thread-21，消费完成，耗费时间:8 ms,消费数据长度:0
2019-01-03 18:27:33.123 [pool-1-thread-24] INFO  com.metadata.yg.consumer.FileConsumer - pool-1-thread-24，消费完成，耗费时间:9 ms,消费数据长度:0
2019-01-03 18:27:33.123 [pool-1-thread-39] INFO  com.metadata.yg.consumer.FileConsumer - pool-1-thread-39，消费完成，耗费时间:8 ms,消费数据长度:0
2019-01-03 18:27:33.124 [pool-1-thread-32] INFO  com.metadata.yg.consumer.FileConsumer - pool-1-thread-32，消费完成，耗费时间:9 ms,消费数据长度:0
2019-01-03 18:27:33.124 [pool-1-thread-36] INFO  com.metadata.yg.consumer.FileConsumer - pool-1-thread-36，消费完成，耗费时间:9 ms,消费数据长度:0
2019-01-03 18:27:33.124 [pool-1-thread-35] INFO  com.metadata.yg.consumer.FileConsumer - pool-1-thread-35，消费完成，耗费时间:8 ms,消费数据长度:0
2019-01-03 18:27:33.125 [pool-1-thread-31] INFO  com.metadata.yg.consumer.FileConsumer - pool-1-thread-31，消费完成，耗费时间:9 ms,消费数据长度:0
2019-01-03 18:27:33.125 [pool-1-thread-26] INFO  com.metadata.yg.consumer.FileConsumer - pool-1-thread-26，消费完成，耗费时间:8 ms,消费数据长度:0
2019-01-03 18:27:33.125 [pool-1-thread-28] INFO  com.metadata.yg.consumer.FileConsumer - pool-1-thread-28，消费完成，耗费时间:8 ms,消费数据长度:0
2019-01-03 18:27:33.125 [pool-1-thread-38] INFO  com.metadata.yg.consumer.FileConsumer - pool-1-thread-38，消费完成，耗费时间:8 ms,消费数据长度:0
2019-01-03 18:27:33.126 [pool-1-thread-27] INFO  com.metadata.yg.consumer.FileConsumer - pool-1-thread-27，消费完成，耗费时间:9 ms,消费数据长度:0
2019-01-03 18:27:33.126 [pool-1-thread-40] INFO  com.metadata.yg.consumer.FileConsumer - pool-1-thread-40，消费完成，耗费时间:8 ms,消费数据长度:0
2019-01-03 18:27:33.126 [pool-1-thread-23] INFO  com.metadata.yg.consumer.FileConsumer - pool-1-thread-23，消费完成，耗费时间:8 ms,消费数据长度:0
2019-01-03 18:27:33.126 [pool-1-thread-25] INFO  com.metadata.yg.consumer.FileConsumer - pool-1-thread-25，消费完成，耗费时间:8 ms,消费数据长度:0
2019-01-03 18:27:33.127 [pool-1-thread-34] INFO  com.metadata.yg.consumer.FileConsumer - pool-1-thread-34，消费完成，耗费时间:8 ms,消费数据长度:0
2019-01-03 18:27:33.127 [pool-1-thread-30] INFO  com.metadata.yg.consumer.FileConsumer - pool-1-thread-30，消费完成，耗费时间:8 ms,消费数据长度:0
2019-01-03 18:27:33.128 [pool-1-thread-37] INFO  com.metadata.yg.consumer.FileConsumer - pool-1-thread-37，消费完成，耗费时间:9 ms,消费数据长度:0
2019-01-03 18:27:33.128 [pool-1-thread-29] INFO  com.metadata.yg.consumer.FileConsumer - pool-1-thread-29，消费完成，耗费时间:7 ms,消费数据长度:0
2019-01-03 18:27:33.128 [pool-1-thread-22] INFO  com.metadata.yg.consumer.FileConsumer - pool-1-thread-22，消费完成，耗费时间:6 ms,消费数据长度:0
2019-01-03 18:27:33.128 [pool-1-thread-21] INFO  com.metadata.yg.consumer.FileConsumer - pool-1-thread-21，消费完成，耗费时间:5 ms,消费数据长度:0
2019-01-03 18:27:33.128 [pool-1-thread-24] INFO  com.metadata.yg.consumer.FileConsumer - pool-1-thread-24，消费完成，耗费时间:5 ms,消费数据长度:0
2019-01-03 18:27:33.129 [pool-1-thread-39] INFO  com.metadata.yg.consumer.FileConsumer - pool-1-thread-39，消费完成，耗费时间:5 ms,消费数据长度:0
2019-01-03 18:27:33.129 [pool-1-thread-36] INFO  com.metadata.yg.consumer.FileConsumer - pool-1-thread-36，消费完成，耗费时间:5 ms,消费数据长度:0
2019-01-03 18:27:33.129 [pool-1-thread-32] INFO  com.metadata.yg.consumer.FileConsumer - pool-1-thread-32，消费完成，耗费时间:5 ms,消费数据长度:0
2019-01-03 18:27:33.129 [pool-1-thread-35] INFO  com.metadata.yg.consumer.FileConsumer - pool-1-thread-35，消费完成，耗费时间:5 ms,消费数据长度:0
2019-01-03 18:27:33.129 [pool-1-thread-31] INFO  com.metadata.yg.consumer.FileConsumer - pool-1-thread-31，消费完成，耗费时间:4 ms,消费数据长度:0
2019-01-03 18:27:33.130 [pool-1-thread-26] INFO  com.metadata.yg.consumer.FileConsumer - pool-1-thread-26，消费完成，耗费时间:5 ms,消费数据长度:0
2019-01-03 18:27:33.130 [pool-1-thread-28] INFO  com.metadata.yg.consumer.FileConsumer - pool-1-thread-28，消费完成，耗费时间:5 ms,消费数据长度:0
2019-01-03 18:27:33.130 [pool-1-thread-38] INFO  com.metadata.yg.consumer.FileConsumer - pool-1-thread-38，消费完成，耗费时间:5 ms,消费数据长度:0
2019-01-03 18:27:33.130 [pool-1-thread-27] INFO  com.metadata.yg.consumer.FileConsumer - pool-1-thread-27，消费完成，耗费时间:4 ms,消费数据长度:0
2019-01-03 18:27:33.130 [pool-1-thread-40] INFO  com.metadata.yg.consumer.FileConsumer - pool-1-thread-40，消费完成，耗费时间:4 ms,消费数据长度:0
2019-01-03 18:27:33.130 [pool-1-thread-23] INFO  com.metadata.yg.consumer.FileConsumer - pool-1-thread-23，消费完成，耗费时间:4 ms,消费数据长度:0
2019-01-03 18:27:33.130 [pool-1-thread-25] INFO  com.metadata.yg.consumer.FileConsumer - pool-1-thread-25，消费完成，耗费时间:4 ms,消费数据长度:0
2019-01-03 18:27:33.130 [pool-1-thread-34] INFO  com.metadata.yg.consumer.FileConsumer - pool-1-thread-34，消费完成，耗费时间:3 ms,消费数据长度:0
2019-01-03 18:27:33.131 [pool-1-thread-30] INFO  com.metadata.yg.consumer.FileConsumer - pool-1-thread-30，消费完成，耗费时间:4 ms,消费数据长度:0
2019-01-03 18:27:33.131 [pool-1-thread-37] INFO  com.metadata.yg.consumer.FileConsumer - pool-1-thread-37，消费完成，耗费时间:3 ms,消费数据长度:0
2019-01-03 18:27:33.131 [pool-1-thread-22] INFO  com.metadata.yg.consumer.FileConsumer - pool-1-thread-22，消费完成，耗费时间:3 ms,消费数据长度:0
2019-01-03 18:27:33.131 [pool-1-thread-29] INFO  com.metadata.yg.consumer.FileConsumer - pool-1-thread-29，消费完成，耗费时间:3 ms,消费数据长度:0
2019-01-03 18:27:33.131 [pool-1-thread-33] INFO  com.metadata.yg.consumer.FileConsumer - pool-1-thread-33，消费完成，耗费时间:27 ms,消费数据长度:0
2019-01-03 18:27:33.131 [pool-1-thread-21] INFO  com.metadata.yg.consumer.FileConsumer - pool-1-thread-21，消费完成，耗费时间:3 ms,消费数据长度:0
2019-01-03 18:27:33.131 [pool-1-thread-24] INFO  com.metadata.yg.consumer.FileConsumer - pool-1-thread-24，消费完成，耗费时间:3 ms,消费数据长度:0
2019-01-03 18:27:33.131 [pool-1-thread-39] INFO  com.metadata.yg.consumer.FileConsumer - pool-1-thread-39，消费完成，耗费时间:2 ms,消费数据长度:0
2019-01-03 18:27:33.132 [pool-1-thread-36] INFO  com.metadata.yg.consumer.FileConsumer - pool-1-thread-36，消费完成，耗费时间:3 ms,消费数据长度:0
2019-01-03 18:27:33.132 [pool-1-thread-32] INFO  com.metadata.yg.consumer.FileConsumer - pool-1-thread-32，消费完成，耗费时间:3 ms,消费数据长度:0
2019-01-03 18:27:33.132 [pool-1-thread-35] INFO  com.metadata.yg.consumer.FileConsumer - pool-1-thread-35，消费完成，耗费时间:3 ms,消费数据长度:0
2019-01-03 18:27:33.132 [pool-1-thread-31] INFO  com.metadata.yg.consumer.FileConsumer - pool-1-thread-31，消费完成，耗费时间:3 ms,消费数据长度:0
2019-01-03 18:27:33.132 [pool-1-thread-26] INFO  com.metadata.yg.consumer.FileConsumer - pool-1-thread-26，消费完成，耗费时间:2 ms,消费数据长度:0
2019-01-03 18:27:33.133 [pool-1-thread-28] INFO  com.metadata.yg.consumer.FileConsumer - pool-1-thread-28，消费完成，耗费时间:3 ms,消费数据长度:0
2019-01-03 18:27:33.133 [pool-1-thread-38] INFO  com.metadata.yg.consumer.FileConsumer - pool-1-thread-38，消费完成，耗费时间:3 ms,消费数据长度:0
2019-01-03 18:27:33.133 [pool-1-thread-27] INFO  com.metadata.yg.consumer.FileConsumer - pool-1-thread-27，消费完成，耗费时间:3 ms,消费数据长度:0
2019-01-03 18:27:33.133 [pool-1-thread-40] INFO  com.metadata.yg.consumer.FileConsumer - pool-1-thread-40，消费完成，耗费时间:3 ms,消费数据长度:0
2019-01-03 18:27:33.133 [pool-1-thread-23] INFO  com.metadata.yg.consumer.FileConsumer - pool-1-thread-23，消费完成，耗费时间:3 ms,消费数据长度:0
2019-01-03 18:27:33.133 [pool-1-thread-25] INFO  com.metadata.yg.consumer.FileConsumer - pool-1-thread-25，消费完成，耗费时间:3 ms,消费数据长度:0
2019-01-03 18:27:33.133 [pool-1-thread-34] INFO  com.metadata.yg.consumer.FileConsumer - pool-1-thread-34，消费完成，耗费时间:3 ms,消费数据长度:0
2019-01-03 18:27:33.133 [pool-1-thread-30] INFO  com.metadata.yg.consumer.FileConsumer - pool-1-thread-30，消费完成，耗费时间:2 ms,消费数据长度:0
2019-01-03 18:27:33.134 [pool-1-thread-37] INFO  com.metadata.yg.consumer.FileConsumer - pool-1-thread-37，消费完成，耗费时间:3 ms,消费数据长度:0
2019-01-03 18:27:33.134 [pool-1-thread-22] INFO  com.metadata.yg.consumer.FileConsumer - pool-1-thread-22，消费完成，耗费时间:3 ms,消费数据长度:0
2019-01-03 18:27:33.134 [pool-1-thread-29] INFO  com.metadata.yg.consumer.FileConsumer - pool-1-thread-29，消费完成，耗费时间:3 ms,消费数据长度:0
2019-01-03 18:27:33.134 [pool-1-thread-33] INFO  com.metadata.yg.consumer.FileConsumer - pool-1-thread-33，消费完成，耗费时间:3 ms,消费数据长度:0
2019-01-03 18:27:33.134 [pool-1-thread-24] INFO  com.metadata.yg.consumer.FileConsumer - pool-1-thread-24，消费完成，耗费时间:3 ms,消费数据长度:0
2019-01-03 18:27:33.134 [pool-1-thread-39] INFO  com.metadata.yg.consumer.FileConsumer - pool-1-thread-39，消费完成，耗费时间:3 ms,消费数据长度:0
2019-01-03 18:27:33.134 [pool-1-thread-32] INFO  com.metadata.yg.consumer.FileConsumer - pool-1-thread-32，消费完成，耗费时间:2 ms,消费数据长度:0
2019-01-03 18:27:33.134 [pool-1-thread-36] INFO  com.metadata.yg.consumer.FileConsumer - pool-1-thread-36，消费完成，耗费时间:2 ms,消费数据长度:0
2019-01-03 18:27:33.135 [pool-1-thread-21] INFO  com.metadata.yg.consumer.FileConsumer - pool-1-thread-21，消费完成，耗费时间:4 ms,消费数据长度:0
2019-01-03 18:27:33.135 [pool-1-thread-35] INFO  com.metadata.yg.consumer.FileConsumer - pool-1-thread-35，消费完成，耗费时间:3 ms,消费数据长度:0
2019-01-03 18:27:33.135 [pool-1-thread-31] INFO  com.metadata.yg.consumer.FileConsumer - pool-1-thread-31，消费完成，耗费时间:3 ms,消费数据长度:0
2019-01-03 18:27:33.136 [pool-1-thread-26] INFO  com.metadata.yg.consumer.FileConsumer - pool-1-thread-26，消费完成，耗费时间:4 ms,消费数据长度:0
2019-01-03 18:27:33.136 [pool-1-thread-28] INFO  com.metadata.yg.consumer.FileConsumer - pool-1-thread-28，消费完成，耗费时间:3 ms,消费数据长度:0
2019-01-03 18:27:33.136 [pool-1-thread-38] INFO  com.metadata.yg.consumer.FileConsumer - pool-1-thread-38，消费完成，耗费时间:3 ms,消费数据长度:0
2019-01-03 18:27:33.136 [pool-1-thread-27] INFO  com.metadata.yg.consumer.FileConsumer - pool-1-thread-27，消费完成，耗费时间:3 ms,消费数据长度:0
2019-01-03 18:27:33.136 [pool-1-thread-40] INFO  com.metadata.yg.consumer.FileConsumer - pool-1-thread-40，消费完成，耗费时间:3 ms,消费数据长度:0
2019-01-03 18:27:33.136 [pool-1-thread-23] INFO  com.metadata.yg.consumer.FileConsumer - pool-1-thread-23，消费完成，耗费时间:3 ms,消费数据长度:0
2019-01-03 18:27:33.137 [pool-1-thread-25] INFO  com.metadata.yg.consumer.FileConsumer - pool-1-thread-25，消费完成，耗费时间:4 ms,消费数据长度:0
2019-01-03 18:27:33.137 [pool-1-thread-34] INFO  com.metadata.yg.consumer.FileConsumer - pool-1-thread-34，消费完成，耗费时间:4 ms,消费数据长度:0
2019-01-03 18:27:33.137 [pool-1-thread-30] INFO  com.metadata.yg.consumer.FileConsumer - pool-1-thread-30，消费完成，耗费时间:4 ms,消费数据长度:0
2019-01-03 18:27:33.138 [pool-1-thread-37] INFO  com.metadata.yg.consumer.FileConsumer - pool-1-thread-37，消费完成，耗费时间:4 ms,消费数据长度:0
2019-01-03 18:27:33.138 [pool-1-thread-22] INFO  com.metadata.yg.consumer.FileConsumer - pool-1-thread-22，消费完成，耗费时间:4 ms,消费数据长度:0
2019-01-03 18:27:33.138 [pool-1-thread-29] INFO  com.metadata.yg.consumer.FileConsumer - pool-1-thread-29，消费完成，耗费时间:4 ms,消费数据长度:0
2019-01-03 18:27:33.138 [pool-1-thread-33] INFO  com.metadata.yg.consumer.FileConsumer - pool-1-thread-33，消费完成，耗费时间:4 ms,消费数据长度:0
2019-01-03 18:27:33.138 [pool-1-thread-39] INFO  com.metadata.yg.consumer.FileConsumer - pool-1-thread-39，消费完成，耗费时间:4 ms,消费数据长度:0
2019-01-03 18:27:33.138 [pool-1-thread-24] INFO  com.metadata.yg.consumer.FileConsumer - pool-1-thread-24，消费完成，耗费时间:4 ms,消费数据长度:0
2019-01-03 18:27:33.138 [pool-1-thread-32] INFO  com.metadata.yg.consumer.FileConsumer - pool-1-thread-32，消费完成，耗费时间:4 ms,消费数据长度:0
2019-01-03 18:27:33.138 [pool-1-thread-36] INFO  com.metadata.yg.consumer.FileConsumer - pool-1-thread-36，消费完成，耗费时间:4 ms,消费数据长度:0
2019-01-03 18:27:33.139 [pool-1-thread-21] INFO  com.metadata.yg.consumer.FileConsumer - pool-1-thread-21，消费完成，耗费时间:4 ms,消费数据长度:0
2019-01-03 18:27:33.139 [pool-1-thread-35] INFO  com.metadata.yg.consumer.FileConsumer - pool-1-thread-35，消费完成，耗费时间:4 ms,消费数据长度:0
2019-01-03 18:27:33.139 [pool-1-thread-31] INFO  com.metadata.yg.consumer.FileConsumer - pool-1-thread-31，消费完成，耗费时间:4 ms,消费数据长度:0
2019-01-03 18:27:33.139 [pool-1-thread-26] INFO  com.metadata.yg.consumer.FileConsumer - pool-1-thread-26，消费完成，耗费时间:3 ms,消费数据长度:0
2019-01-03 18:27:33.139 [pool-1-thread-28] INFO  com.metadata.yg.consumer.FileConsumer - pool-1-thread-28，消费完成，耗费时间:3 ms,消费数据长度:0
2019-01-03 18:27:33.139 [pool-1-thread-38] INFO  com.metadata.yg.consumer.FileConsumer - pool-1-thread-38，消费完成，耗费时间:3 ms,消费数据长度:0
2019-01-03 18:27:33.139 [pool-1-thread-27] INFO  com.metadata.yg.consumer.FileConsumer - pool-1-thread-27，消费完成，耗费时间:3 ms,消费数据长度:0
2019-01-03 18:27:33.139 [pool-1-thread-40] INFO  com.metadata.yg.consumer.FileConsumer - pool-1-thread-40，消费完成，耗费时间:3 ms,消费数据长度:0
2019-01-03 18:27:33.140 [pool-1-thread-23] INFO  com.metadata.yg.consumer.FileConsumer - pool-1-thread-23，消费完成，耗费时间:4 ms,消费数据长度:0
2019-01-03 18:27:33.140 [pool-1-thread-25] INFO  com.metadata.yg.consumer.FileConsumer - pool-1-thread-25，消费完成，耗费时间:3 ms,消费数据长度:0
2019-01-03 18:27:33.140 [pool-1-thread-34] INFO  com.metadata.yg.consumer.FileConsumer - pool-1-thread-34，消费完成，耗费时间:3 ms,消费数据长度:0
2019-01-03 18:27:33.140 [pool-1-thread-30] INFO  com.metadata.yg.consumer.FileConsumer - pool-1-thread-30，消费完成，耗费时间:3 ms,消费数据长度:0
2019-01-03 18:27:33.141 [pool-1-thread-37] INFO  com.metadata.yg.consumer.FileConsumer - pool-1-thread-37，消费完成，耗费时间:2 ms,消费数据长度:0
2019-01-03 18:27:33.141 [pool-1-thread-22] INFO  com.metadata.yg.consumer.FileConsumer - pool-1-thread-22，消费完成，耗费时间:3 ms,消费数据长度:0
2019-01-03 18:27:33.141 [pool-1-thread-33] INFO  com.metadata.yg.consumer.FileConsumer - pool-1-thread-33，消费完成，耗费时间:3 ms,消费数据长度:0
2019-01-03 18:27:33.141 [pool-1-thread-29] INFO  com.metadata.yg.consumer.FileConsumer - pool-1-thread-29，消费完成，耗费时间:3 ms,消费数据长度:0
2019-01-03 18:27:33.142 [pool-1-thread-39] INFO  com.metadata.yg.consumer.FileConsumer - pool-1-thread-39，消费完成，耗费时间:4 ms,消费数据长度:0
2019-01-03 18:27:33.142 [pool-1-thread-24] INFO  com.metadata.yg.consumer.FileConsumer - pool-1-thread-24，消费完成，耗费时间:4 ms,消费数据长度:0
2019-01-03 18:27:33.142 [pool-1-thread-36] INFO  com.metadata.yg.consumer.FileConsumer - pool-1-thread-36，消费完成，耗费时间:4 ms,消费数据长度:0
2019-01-03 18:27:33.143 [pool-1-thread-32] INFO  com.metadata.yg.consumer.FileConsumer - pool-1-thread-32，消费完成，耗费时间:4 ms,消费数据长度:0
2019-01-03 18:27:33.143 [pool-1-thread-21] INFO  com.metadata.yg.consumer.FileConsumer - pool-1-thread-21，消费完成，耗费时间:4 ms,消费数据长度:0
2019-01-03 18:27:33.143 [pool-1-thread-35] INFO  com.metadata.yg.consumer.FileConsumer - pool-1-thread-35，消费完成，耗费时间:4 ms,消费数据长度:0
2019-01-03 18:27:33.143 [pool-1-thread-31] INFO  com.metadata.yg.consumer.FileConsumer - pool-1-thread-31，消费完成，耗费时间:4 ms,消费数据长度:0
2019-01-03 18:27:33.144 [pool-1-thread-26] INFO  com.metadata.yg.consumer.FileConsumer - pool-1-thread-26，消费完成，耗费时间:5 ms,消费数据长度:0
2019-01-03 18:27:33.144 [pool-1-thread-28] INFO  com.metadata.yg.consumer.FileConsumer - pool-1-thread-28，消费完成，耗费时间:5 ms,消费数据长度:0
2019-01-03 18:27:33.144 [pool-1-thread-38] INFO  com.metadata.yg.consumer.FileConsumer - pool-1-thread-38，消费完成，耗费时间:5 ms,消费数据长度:0
2019-01-03 18:27:33.144 [pool-1-thread-27] INFO  com.metadata.yg.consumer.FileConsumer - pool-1-thread-27，消费完成，耗费时间:5 ms,消费数据长度:0
2019-01-03 18:27:33.147 [pool-1-thread-40] INFO  com.metadata.yg.consumer.FileConsumer - pool-1-thread-40，消费完成，耗费时间:8 ms,消费数据长度:0
2019-01-03 18:27:33.148 [pool-1-thread-23] INFO  com.metadata.yg.consumer.FileConsumer - pool-1-thread-23，消费完成，耗费时间:8 ms,消费数据长度:0
2019-01-03 18:27:33.149 [pool-1-thread-25] INFO  com.metadata.yg.consumer.FileConsumer - pool-1-thread-25，消费完成，耗费时间:9 ms,消费数据长度:0
2019-01-03 18:27:33.150 [pool-1-thread-34] INFO  com.metadata.yg.consumer.FileConsumer - pool-1-thread-34，消费完成，耗费时间:10 ms,消费数据长度:0
2019-01-03 18:27:33.150 [pool-1-thread-30] INFO  com.metadata.yg.consumer.FileConsumer - pool-1-thread-30，消费完成，耗费时间:10 ms,消费数据长度:0
2019-01-03 18:27:33.151 [pool-1-thread-37] INFO  com.metadata.yg.consumer.FileConsumer - pool-1-thread-37，消费完成，耗费时间:10 ms,消费数据长度:0
2019-01-03 18:27:33.152 [pool-1-thread-22] INFO  com.metadata.yg.consumer.FileConsumer - pool-1-thread-22，消费完成，耗费时间:11 ms,消费数据长度:0
2019-01-03 18:27:33.152 [pool-1-thread-33] INFO  com.metadata.yg.consumer.FileConsumer - pool-1-thread-33，消费完成，耗费时间:11 ms,消费数据长度:0
2019-01-03 18:27:33.153 [pool-1-thread-29] INFO  com.metadata.yg.consumer.FileConsumer - pool-1-thread-29，消费完成，耗费时间:12 ms,消费数据长度:0
2019-01-03 18:27:33.156 [pool-1-thread-39] INFO  com.metadata.yg.consumer.FileConsumer - pool-1-thread-39，消费完成，耗费时间:14 ms,消费数据长度:0
2019-01-03 18:27:33.157 [pool-1-thread-24] INFO  com.metadata.yg.consumer.FileConsumer - pool-1-thread-24，消费完成，耗费时间:15 ms,消费数据长度:0
2019-01-03 18:27:33.159 [pool-1-thread-36] INFO  com.metadata.yg.consumer.FileConsumer - pool-1-thread-36，消费完成，耗费时间:17 ms,消费数据长度:0
2019-01-03 18:27:33.159 [pool-1-thread-32] INFO  com.metadata.yg.consumer.FileConsumer - pool-1-thread-32，消费完成，耗费时间:16 ms,消费数据长度:0
2019-01-03 18:27:33.160 [pool-1-thread-22] INFO  com.metadata.yg.consumer.FileConsumer - pool-1-thread-22，消费完成，耗费时间:8 ms,消费数据长度:0
2019-01-03 18:27:33.161 [pool-1-thread-37] INFO  com.metadata.yg.consumer.FileConsumer - pool-1-thread-37，消费完成，耗费时间:10 ms,消费数据长度:0
2019-01-03 18:27:33.161 [pool-1-thread-30] INFO  com.metadata.yg.consumer.FileConsumer - pool-1-thread-30，消费完成，耗费时间:10 ms,消费数据长度:0
2019-01-03 18:27:33.161 [pool-1-thread-34] INFO  com.metadata.yg.consumer.FileConsumer - pool-1-thread-34，消费完成，耗费时间:11 ms,消费数据长度:0
2019-01-03 18:27:33.161 [pool-1-thread-25] INFO  com.metadata.yg.consumer.FileConsumer - pool-1-thread-25，消费完成，耗费时间:12 ms,消费数据长度:0
2019-01-03 18:27:33.161 [pool-1-thread-23] INFO  com.metadata.yg.consumer.FileConsumer - pool-1-thread-23，消费完成，耗费时间:12 ms,消费数据长度:0
2019-01-03 18:27:33.161 [pool-1-thread-40] INFO  com.metadata.yg.consumer.FileConsumer - pool-1-thread-40，消费完成，耗费时间:14 ms,消费数据长度:1
2019-01-03 18:27:33.161 [pool-1-thread-27] INFO  com.metadata.yg.consumer.FileConsumer - pool-1-thread-27，消费完成，耗费时间:17 ms,消费数据长度:0
2019-01-03 18:27:33.161 [pool-1-thread-38] INFO  com.metadata.yg.consumer.FileConsumer - pool-1-thread-38，消费完成，耗费时间:17 ms,消费数据长度:0
2019-01-03 18:27:33.161 [pool-1-thread-28] INFO  com.metadata.yg.consumer.FileConsumer - pool-1-thread-28，消费完成，耗费时间:17 ms,消费数据长度:0
2019-01-03 18:27:33.161 [pool-1-thread-26] INFO  com.metadata.yg.consumer.FileConsumer - pool-1-thread-26，消费完成，耗费时间:17 ms,消费数据长度:0
2019-01-03 18:27:33.161 [pool-1-thread-31] INFO  com.metadata.yg.consumer.FileConsumer - pool-1-thread-31，消费完成，耗费时间:18 ms,消费数据长度:0
2019-01-03 18:27:33.161 [pool-1-thread-35] INFO  com.metadata.yg.consumer.FileConsumer - pool-1-thread-35，消费完成，耗费时间:18 ms,消费数据长度:0
2019-01-03 18:27:33.161 [pool-1-thread-33] INFO  com.metadata.yg.consumer.FileConsumer - pool-1-thread-33，消费完成，耗费时间:9 ms,消费数据长度:1
2019-01-03 18:27:33.162 [pool-1-thread-29] INFO  com.metadata.yg.consumer.FileConsumer - pool-1-thread-29，消费完成，耗费时间:8 ms,消费数据长度:1
2019-01-03 18:27:33.163 [pool-1-thread-39] INFO  com.metadata.yg.consumer.FileConsumer - pool-1-thread-39，消费完成，耗费时间:6 ms,消费数据长度:2
2019-01-03 18:27:33.164 [pool-1-thread-24] INFO  com.metadata.yg.consumer.FileConsumer - pool-1-thread-24，消费完成，耗费时间:6 ms,消费数据长度:1
2019-01-03 18:27:33.164 [pool-1-thread-36] INFO  com.metadata.yg.consumer.FileConsumer - pool-1-thread-36，消费完成，耗费时间:5 ms,消费数据长度:2
2019-01-03 18:27:33.165 [pool-1-thread-32] INFO  com.metadata.yg.consumer.FileConsumer - pool-1-thread-32，消费完成，耗费时间:6 ms,消费数据长度:0
2019-01-03 18:27:33.165 [pool-1-thread-23] INFO  com.metadata.yg.consumer.FileConsumer - pool-1-thread-23，消费完成，耗费时间:4 ms,消费数据长度:0
2019-01-03 18:27:33.165 [pool-1-thread-27] INFO  com.metadata.yg.consumer.FileConsumer - pool-1-thread-27，消费完成，耗费时间:4 ms,消费数据长度:0
2019-01-03 18:27:33.165 [pool-1-thread-38] INFO  com.metadata.yg.consumer.FileConsumer - pool-1-thread-38，消费完成，耗费时间:4 ms,消费数据长度:0
2019-01-03 18:27:33.165 [pool-1-thread-30] INFO  com.metadata.yg.consumer.FileConsumer - pool-1-thread-30，消费完成，耗费时间:4 ms,消费数据长度:0
2019-01-03 18:27:33.165 [pool-1-thread-25] INFO  com.metadata.yg.consumer.FileConsumer - pool-1-thread-25，消费完成，耗费时间:4 ms,消费数据长度:0
2019-01-03 18:27:33.166 [pool-1-thread-26] INFO  com.metadata.yg.consumer.FileConsumer - pool-1-thread-26，消费完成，耗费时间:5 ms,消费数据长度:0
2019-01-03 18:27:33.166 [pool-1-thread-34] INFO  com.metadata.yg.consumer.FileConsumer - pool-1-thread-34，消费完成，耗费时间:5 ms,消费数据长度:0
2019-01-03 18:27:33.166 [pool-1-thread-21] INFO  com.metadata.yg.consumer.FileConsumer - pool-1-thread-21，消费完成，耗费时间:23 ms,消费数据长度:0
2019-01-03 18:27:33.166 [pool-1-thread-33] INFO  com.metadata.yg.consumer.FileConsumer - pool-1-thread-33，消费完成，耗费时间:4 ms,消费数据长度:0
2019-01-03 18:27:33.166 [pool-1-thread-35] INFO  com.metadata.yg.consumer.FileConsumer - pool-1-thread-35，消费完成，耗费时间:5 ms,消费数据长度:0
2019-01-03 18:27:33.166 [pool-1-thread-24] INFO  com.metadata.yg.consumer.FileConsumer - pool-1-thread-24，消费完成，耗费时间:2 ms,消费数据长度:0
2019-01-03 18:27:33.166 [pool-1-thread-36] INFO  com.metadata.yg.consumer.FileConsumer - pool-1-thread-36，消费完成，耗费时间:2 ms,消费数据长度:0
2019-01-03 18:27:33.167 [pool-1-thread-31] INFO  com.metadata.yg.consumer.FileConsumer - pool-1-thread-31，消费完成，耗费时间:6 ms,消费数据长度:0
2019-01-03 18:27:33.167 [pool-1-thread-32] INFO  com.metadata.yg.consumer.FileConsumer - pool-1-thread-32，消费完成，耗费时间:2 ms,消费数据长度:0
2019-01-03 18:27:33.167 [pool-1-thread-23] INFO  com.metadata.yg.consumer.FileConsumer - pool-1-thread-23，消费完成，耗费时间:2 ms,消费数据长度:0
2019-01-03 18:27:33.167 [pool-1-thread-27] INFO  com.metadata.yg.consumer.FileConsumer - pool-1-thread-27，消费完成，耗费时间:2 ms,消费数据长度:0
2019-01-03 18:27:33.167 [pool-1-thread-38] INFO  com.metadata.yg.consumer.FileConsumer - pool-1-thread-38，消费完成，耗费时间:2 ms,消费数据长度:0
2019-01-03 18:27:33.167 [pool-1-thread-30] INFO  com.metadata.yg.consumer.FileConsumer - pool-1-thread-30，消费完成，耗费时间:2 ms,消费数据长度:0
2019-01-03 18:27:33.167 [pool-1-thread-25] INFO  com.metadata.yg.consumer.FileConsumer - pool-1-thread-25，消费完成，耗费时间:1 ms,消费数据长度:0
2019-01-03 18:27:33.167 [pool-1-thread-34] INFO  com.metadata.yg.consumer.FileConsumer - pool-1-thread-34，消费完成，耗费时间:1 ms,消费数据长度:0
2019-01-03 18:27:33.168 [pool-1-thread-26] INFO  com.metadata.yg.consumer.FileConsumer - pool-1-thread-26，消费完成，耗费时间:2 ms,消费数据长度:0
2019-01-03 18:27:33.168 [pool-1-thread-21] INFO  com.metadata.yg.consumer.FileConsumer - pool-1-thread-21，消费完成，耗费时间:2 ms,消费数据长度:0
2019-01-03 18:27:33.168 [pool-1-thread-33] INFO  com.metadata.yg.consumer.FileConsumer - pool-1-thread-33，消费完成，耗费时间:2 ms,消费数据长度:0
2019-01-03 18:27:33.168 [pool-1-thread-35] INFO  com.metadata.yg.consumer.FileConsumer - pool-1-thread-35，消费完成，耗费时间:2 ms,消费数据长度:0
2019-01-03 18:27:33.168 [pool-1-thread-24] INFO  com.metadata.yg.consumer.FileConsumer - pool-1-thread-24，消费完成，耗费时间:2 ms,消费数据长度:0
2019-01-03 18:27:33.168 [pool-1-thread-36] INFO  com.metadata.yg.consumer.FileConsumer - pool-1-thread-36，消费完成，耗费时间:1 ms,消费数据长度:0
2019-01-03 18:27:33.168 [pool-1-thread-31] INFO  com.metadata.yg.consumer.FileConsumer - pool-1-thread-31，消费完成，耗费时间:1 ms,消费数据长度:0
2019-01-03 18:27:33.169 [pool-1-thread-32] INFO  com.metadata.yg.consumer.FileConsumer - pool-1-thread-32，消费完成，耗费时间:2 ms,消费数据长度:0
2019-01-03 18:27:33.169 [pool-1-thread-23] INFO  com.metadata.yg.consumer.FileConsumer - pool-1-thread-23，消费完成，耗费时间:2 ms,消费数据长度:0
2019-01-03 18:27:33.169 [pool-1-thread-27] INFO  com.metadata.yg.consumer.FileConsumer - pool-1-thread-27，消费完成，耗费时间:2 ms,消费数据长度:0
2019-01-03 18:27:33.169 [pool-1-thread-38] INFO  com.metadata.yg.consumer.FileConsumer - pool-1-thread-38，消费完成，耗费时间:2 ms,消费数据长度:0
2019-01-03 18:27:33.169 [pool-1-thread-30] INFO  com.metadata.yg.consumer.FileConsumer - pool-1-thread-30，消费完成，耗费时间:2 ms,消费数据长度:0
2019-01-03 18:27:33.169 [pool-1-thread-25] INFO  com.metadata.yg.consumer.FileConsumer - pool-1-thread-25，消费完成，耗费时间:2 ms,消费数据长度:0
2019-01-03 18:27:33.170 [pool-1-thread-34] INFO  com.metadata.yg.consumer.FileConsumer - pool-1-thread-34，消费完成，耗费时间:3 ms,消费数据长度:0
2019-01-03 18:27:33.170 [pool-1-thread-26] INFO  com.metadata.yg.consumer.FileConsumer - pool-1-thread-26，消费完成，耗费时间:2 ms,消费数据长度:0
2019-01-03 18:27:33.170 [pool-1-thread-33] INFO  com.metadata.yg.consumer.FileConsumer - pool-1-thread-33，消费完成，耗费时间:2 ms,消费数据长度:0
2019-01-03 18:27:33.170 [pool-1-thread-21] INFO  com.metadata.yg.consumer.FileConsumer - pool-1-thread-21，消费完成，耗费时间:2 ms,消费数据长度:0
2019-01-03 18:27:33.170 [pool-1-thread-35] INFO  com.metadata.yg.consumer.FileConsumer - pool-1-thread-35，消费完成，耗费时间:2 ms,消费数据长度:0
2019-01-03 18:27:33.170 [pool-1-thread-24] INFO  com.metadata.yg.consumer.FileConsumer - pool-1-thread-24，消费完成，耗费时间:2 ms,消费数据长度:0
2019-01-03 18:27:33.170 [pool-1-thread-36] INFO  com.metadata.yg.consumer.FileConsumer - pool-1-thread-36，消费完成，耗费时间:2 ms,消费数据长度:0
2019-01-03 18:27:33.170 [pool-1-thread-31] INFO  com.metadata.yg.consumer.FileConsumer - pool-1-thread-31，消费完成，耗费时间:2 ms,消费数据长度:0
2019-01-03 18:27:33.171 [pool-1-thread-32] INFO  com.metadata.yg.consumer.FileConsumer - pool-1-thread-32，消费完成，耗费时间:2 ms,消费数据长度:0
2019-01-03 18:27:33.171 [pool-1-thread-23] INFO  com.metadata.yg.consumer.FileConsumer - pool-1-thread-23，消费完成，耗费时间:2 ms,消费数据长度:0
2019-01-03 18:27:33.171 [pool-1-thread-27] INFO  com.metadata.yg.consumer.FileConsumer - pool-1-thread-27，消费完成，耗费时间:2 ms,消费数据长度:0
2019-01-03 18:27:33.173 [pool-1-thread-38] INFO  com.metadata.yg.consumer.FileConsumer - pool-1-thread-38，消费完成，耗费时间:4 ms,消费数据长度:0
2019-01-03 18:27:33.177 [pool-1-thread-30] INFO  com.metadata.yg.consumer.FileConsumer - pool-1-thread-30，消费完成，耗费时间:8 ms,消费数据长度:0
2019-01-03 18:27:33.177 [pool-1-thread-25] INFO  com.metadata.yg.consumer.FileConsumer - pool-1-thread-25，消费完成，耗费时间:8 ms,消费数据长度:0
2019-01-03 18:27:33.177 [pool-1-thread-34] INFO  com.metadata.yg.consumer.FileConsumer - pool-1-thread-34，消费完成，耗费时间:7 ms,消费数据长度:0
2019-01-03 18:27:33.177 [pool-1-thread-26] INFO  com.metadata.yg.consumer.FileConsumer - pool-1-thread-26，消费完成，耗费时间:7 ms,消费数据长度:0
2019-01-03 18:27:33.177 [pool-1-thread-21] INFO  com.metadata.yg.consumer.FileConsumer - pool-1-thread-21，消费完成，耗费时间:7 ms,消费数据长度:0
2019-01-03 18:27:33.178 [pool-1-thread-33] INFO  com.metadata.yg.consumer.FileConsumer - pool-1-thread-33，消费完成，耗费时间:8 ms,消费数据长度:0
2019-01-03 18:27:33.178 [pool-1-thread-35] INFO  com.metadata.yg.consumer.FileConsumer - pool-1-thread-35，消费完成，耗费时间:8 ms,消费数据长度:0
2019-01-03 18:27:33.178 [pool-1-thread-24] INFO  com.metadata.yg.consumer.FileConsumer - pool-1-thread-24，消费完成，耗费时间:8 ms,消费数据长度:0
2019-01-03 18:27:33.178 [pool-1-thread-36] INFO  com.metadata.yg.consumer.FileConsumer - pool-1-thread-36，消费完成，耗费时间:8 ms,消费数据长度:0
2019-01-03 18:27:33.178 [pool-1-thread-31] INFO  com.metadata.yg.consumer.FileConsumer - pool-1-thread-31，消费完成，耗费时间:8 ms,消费数据长度:0
2019-01-03 18:27:33.178 [pool-1-thread-32] INFO  com.metadata.yg.consumer.FileConsumer - pool-1-thread-32，消费完成，耗费时间:7 ms,消费数据长度:0
2019-01-03 18:27:33.178 [pool-1-thread-23] INFO  com.metadata.yg.consumer.FileConsumer - pool-1-thread-23，消费完成，耗费时间:7 ms,消费数据长度:0
2019-01-03 18:27:33.179 [pool-1-thread-27] INFO  com.metadata.yg.consumer.FileConsumer - pool-1-thread-27，消费完成，耗费时间:8 ms,消费数据长度:1
2019-01-03 18:27:33.179 [pool-1-thread-38] INFO  com.metadata.yg.consumer.FileConsumer - pool-1-thread-38，消费完成，耗费时间:6 ms,消费数据长度:1
2019-01-03 18:27:33.189 [main] INFO  com.metadata.yg.task.DataExecutor - 任务完成时间:1312 ms
2019-01-03 18:27:33.189 [main] INFO  com.metadata.yg.utils.FileUtils - 空文件已清除
2019-01-03 18:27:33.189 [main] INFO  com.metadata.yg.QueueMain - 生成结束
