2018-12-05 21:42:17.835 [main] INFO  com.metadata.yg.ExecutorMain - PID----：9900
2018-12-05 21:42:17.840 [main] INFO  com.metadata.yg.utils.FileUtils - 文件输出目录：data
2018-12-05 21:42:17.960 [MLog-Init-Reporter] INFO  com.mchange.v2.log.MLog - MLog clients using slf4j logging.
2018-12-05 21:42:18.339 [main] INFO  com.mchange.v2.c3p0.C3P0Registry - Initializing c3p0-0.9.5.2 [built 08-December-2015 22:06:04 -0800; debug? true; trace: 10]
2018-12-05 21:42:19.468 [main] INFO  c.m.v2.c3p0.impl.AbstractPoolBackedDataSource - Initializing c3p0 pool... com.mchange.v2.c3p0.ComboPooledDataSource [ acquireIncrement -> 3, acquireRetryAttempts -> 30, acquireRetryDelay -> 1000, autoCommitOnClose -> false, automaticTestTable -> null, breakAfterAcquireFailure -> false, checkoutTimeout -> 0, connectionCustomizerClassName -> null, connectionTesterClassName -> com.mchange.v2.c3p0.impl.DefaultConnectionTester, contextClassLoaderSource -> caller, dataSourceName -> 1hge0yv9zz4mdneb5r8ir|d2cc05a, debugUnreturnedConnectionStackTraces -> false, description -> null, driverClass -> com.facebook.presto.jdbc.PrestoDriver, extensions -> {}, factoryClassLocation -> null, forceIgnoreUnresolvedTransactions -> false, forceSynchronousCheckins -> false, forceUseNamedDriverClass -> false, identityToken -> 1hge0yv9zz4mdneb5r8ir|d2cc05a, idleConnectionTestPeriod -> 0, initialPoolSize -> 3, jdbcUrl -> jdbc:presto://master01:16060/hive/default, maxAdministrativeTaskTime -> 0, maxConnectionAge -> 0, maxIdleTime -> 0, maxIdleTimeExcessConnections -> 0, maxPoolSize -> 15, maxStatements -> 0, maxStatementsPerConnection -> 0, minPoolSize -> 3, numHelperThreads -> 3, preferredTestQuery -> null, privilegeSpawnedThreads -> false, properties -> {user=******, password=******}, propertyCycle -> 0, statementCacheNumDeferredCloseThreads -> 0, testConnectionOnCheckin -> false, testConnectionOnCheckout -> false, unreturnedConnectionTimeout -> 0, userOverrides -> {}, usesTraditionalReflectiveProxies -> false ]
2018-12-05 21:42:19.524 [main] INFO  com.metadata.yg.utils.C3P0Utils - C3p0连接创建成功
2018-12-05 21:42:41.375 [pool-1-thread-1] INFO  com.metadata.yg.handle.WriteDataHandle - pool-1-thread-1，消费完成，耗费时间:304 ms,消费数据长度:100002
2018-12-05 21:42:46.383 [main] INFO  com.metadata.yg.handle.WriteDataHandle - [java.io.BufferedOutputStream@75d2da2d]
2018-12-05 21:42:47.063 [main] INFO  com.metadata.yg.handle.WriteDataHandle - flush线程：main, 消费完成，消费数据长度：200000
2018-12-05 21:42:47.064 [main] INFO  com.metadata.yg.task.DataExecutor - 任务完成时间:24824 ms
2018-12-05 21:44:07.252 [main] INFO  com.metadata.yg.ExecutorMain - PID----：2964
2018-12-05 21:44:07.258 [main] INFO  com.metadata.yg.utils.FileUtils - 文件输出目录：data
2018-12-05 21:44:07.395 [MLog-Init-Reporter] INFO  com.mchange.v2.log.MLog - MLog clients using slf4j logging.
2018-12-05 21:44:07.753 [main] INFO  com.mchange.v2.c3p0.C3P0Registry - Initializing c3p0-0.9.5.2 [built 08-December-2015 22:06:04 -0800; debug? true; trace: 10]
2018-12-05 21:44:09.009 [main] INFO  c.m.v2.c3p0.impl.AbstractPoolBackedDataSource - Initializing c3p0 pool... com.mchange.v2.c3p0.ComboPooledDataSource [ acquireIncrement -> 3, acquireRetryAttempts -> 30, acquireRetryDelay -> 1000, autoCommitOnClose -> false, automaticTestTable -> null, breakAfterAcquireFailure -> false, checkoutTimeout -> 0, connectionCustomizerClassName -> null, connectionTesterClassName -> com.mchange.v2.c3p0.impl.DefaultConnectionTester, contextClassLoaderSource -> caller, dataSourceName -> 1hge0yv9zz4oq3417kuaeo|d2cc05a, debugUnreturnedConnectionStackTraces -> false, description -> null, driverClass -> com.facebook.presto.jdbc.PrestoDriver, extensions -> {}, factoryClassLocation -> null, forceIgnoreUnresolvedTransactions -> false, forceSynchronousCheckins -> false, forceUseNamedDriverClass -> false, identityToken -> 1hge0yv9zz4oq3417kuaeo|d2cc05a, idleConnectionTestPeriod -> 0, initialPoolSize -> 3, jdbcUrl -> jdbc:presto://master01:16060/hive/default, maxAdministrativeTaskTime -> 0, maxConnectionAge -> 0, maxIdleTime -> 0, maxIdleTimeExcessConnections -> 0, maxPoolSize -> 15, maxStatements -> 0, maxStatementsPerConnection -> 0, minPoolSize -> 3, numHelperThreads -> 3, preferredTestQuery -> null, privilegeSpawnedThreads -> false, properties -> {user=******, password=******}, propertyCycle -> 0, statementCacheNumDeferredCloseThreads -> 0, testConnectionOnCheckin -> false, testConnectionOnCheckout -> false, unreturnedConnectionTimeout -> 0, userOverrides -> {}, usesTraditionalReflectiveProxies -> false ]
2018-12-05 21:44:09.062 [main] INFO  com.metadata.yg.utils.C3P0Utils - C3p0连接创建成功
2018-12-05 21:44:14.151 [pool-1-thread-1] INFO  com.metadata.yg.handle.WriteDataHandle - pool-1-thread-1，消费完成，耗费时间:272 ms,消费数据长度:100002
2018-12-05 21:44:14.875 [main] INFO  com.metadata.yg.handle.WriteDataHandle - [java.io.BufferedOutputStream@75d2da2d]
2018-12-05 21:44:15.243 [main] INFO  com.metadata.yg.handle.WriteDataHandle - flush线程：main, 消费完成，消费数据长度：99998
2018-12-05 21:44:15.243 [main] INFO  com.metadata.yg.task.DataExecutor - 任务完成时间:3573 ms
